[0911/101201.003:ERROR:minidumpwritedump_with_crashpad_info.cc(452)] Failed to call MiniDumpWriteDump: Access is denied. (0x80070005)
[0911/101201.004:ERROR:minidumpwritedump_with_crashpad_info.cc(661)] Failed to write minidump file
[0911/101201.004:ERROR:crash_report_exception_handler.cc(132)] TryMiniDumpWriteDumpWithCrashpadInfo failed
[0911/101201.004:ERROR:process_memory_win.cc(73)] ReadMemory at 0x7ff645610000 of 64 bytes failed: Only part of a ReadProcessMemory or WriteProcessMemory request was completed. (0x12B)
[0911/101201.120:WARNING:pe_image_reader.cc(340)] could not read dos header from C:\Program Files (x86)\Microsoft\Edge\Application\msedge.exe
[0911/101201.120:ERROR:process_memory_win.cc(73)] ReadMemory at 0x7ff91b890000 of 64 bytes failed: Only part of a ReadProcessMemory or WriteProcessMemory request was completed. (0x12B)
[0911/101201.152:WARNING:pe_image_reader.cc(340)] could not read dos header from C:\WINDOWS\SYSTEM32\ntdll.dll
[0911/101201.152:ERROR:process_memory_win.cc(73)] ReadMemory at 0x7ff9199e0000 of 64 bytes failed: Only part of a ReadProcessMemory or WriteProcessMemory request was completed. (0x12B)
[0911/101201.152:WARNING:pe_image_reader.cc(340)] could not read dos header from C:\WINDOWS\System32\KERNEL32.DLL
[0911/101201.152:ERROR:process_memory_win.cc(73)] ReadMemory at 0x7ff919460000 of 64 bytes failed: Only part of a ReadProcessMemory or WriteProcessMemory request was completed. (0x12B)
[0911/101201.152:WARNING:pe_image_reader.cc(340)] could not read dos header from C:\WINDOWS\System32\KERNELBASE.dll
[0911/101201.152:ERROR:process_memory_win.cc(73)] ReadMemory at 0x7ff91a700000 of 64 bytes failed: Only part of a ReadProcessMemory or WriteProcessMemory request was completed. (0x12B)
[0911/101201.152:WARNING:pe_image_reader.cc(340)] could not read dos header from C:\WINDOWS\System32\ADVAPI32.dll
[0911/101201.152:ERROR:process_memory_win.cc(73)] ReadMemory at 0x7ff91b500000 of 64 bytes failed: Only part of a ReadProcessMemory or WriteProcessMemory request was completed. (0x12B)
[0911/101201.152:WARNING:pe_image_reader.cc(340)] could not read dos header from C:\WINDOWS\System32\msvcrt.dll
[0911/101201.152:ERROR:process_memory_win.cc(73)] ReadMemory at 0x7ff91b020000 of 64 bytes failed: Only part of a ReadProcessMemory or WriteProcessMemory request was completed. (0x12B)
[0911/101201.152:WARNING:pe_image_reader.cc(340)] could not read dos header from C:\WINDOWS\System32\sechost.dll
[0911/101201.152:ERROR:process_memory_win.cc(73)] ReadMemory at 0x7ff91ab00000 of 64 bytes failed: Only part of a ReadProcessMemory or WriteProcessMemory request was completed. (0x12B)
[0911/101201.152:WARNING:pe_image_reader.cc(340)] could not read dos header from C:\WINDOWS\System32\RPCRT4.dll
[0911/101201.153:ERROR:process_memory_win.cc(73)] ReadMemory at 0x7ff8ad4c0000 of 64 bytes failed: Only part of a ReadProcessMemory or WriteProcessMemory request was completed. (0x12B)
[0911/101201.153:WARNING:pe_image_reader.cc(340)] could not read dos header from C:\Program Files (x86)\Microsoft\Edge\Application\85.0.564.44\msedge.dll
[0911/101201.153:ERROR:process_memory_win.cc(73)] ReadMemory at 0x7ff91aa90000 of 64 bytes failed: Only part of a ReadProcessMemory or WriteProcessMemory request was completed. (0x12B)
[0911/101201.153:WARNING:pe_image_reader.cc(340)] could not read dos header from C:\WINDOWS\System32\WS2_32.dll
[0911/101201.153:ERROR:process_memory_win.cc(73)] ReadMemory at 0x7ff91b0c0000 of 64 bytes failed: Only part of a ReadProcessMemory or WriteProcessMemory request was completed. (0x12B)
[0911/101201.153:WARNING:pe_image_reader.cc(340)] could not read dos header from C:\WINDOWS\System32\OLEAUT32.dll
[0911/101201.153:ERROR:process_memory_win.cc(73)] ReadMemory at 0x7ff919010000 of 64 bytes failed: Only part of a ReadProcessMemory or WriteProcessMemory request was completed. (0x12B)
[0911/101201.153:WARNING:pe_image_reader.cc(340)] could not read dos header from C:\WINDOWS\System32\msvcp_win.dll
[0911/101201.153:ERROR:process_memory_win.cc(73)] ReadMemory at 0x7ff919730000 of 64 bytes failed: Only part of a ReadProcessMemory or WriteProcessMemory request was completed. (0x12B)
[0911/101201.153:WARNING:pe_image_reader.cc(340)] could not read dos header from C:\WINDOWS\System32\ucrtbase.dll
[0911/101201.153:ERROR:process_memory_win.cc(73)] ReadMemory at 0x7ff91acc0000 of 64 bytes failed: Only part of a ReadProcessMemory or WriteProcessMemory request was completed. (0x12B)
[0911/101201.153:WARNING:pe_image_reader.cc(340)] could not read dos header from C:\WINDOWS\System32\combase.dll
[0911/101201.153:ERROR:process_memory_win.cc(73)] ReadMemory at 0x7ff919400000 of 64 bytes failed: Only part of a ReadProcessMemory or WriteProcessMemory request was completed. (0x12B)
[0911/101201.153:WARNING:pe_image_reader.cc(340)] could not read dos header from C:\WINDOWS\System32\WINTRUST.dll
[0911/101201.153:ERROR:process_memory_win.cc(73)] ReadMemory at 0x7ff919160000 of 64 bytes failed: Only part of a ReadProcessMemory or WriteProcessMemory request was completed. (0x12B)
[0911/101201.153:WARNING:pe_image_reader.cc(340)] could not read dos header from C:\WINDOWS\System32\CRYPT32.dll
[0911/101201.153:ERROR:process_memory_win.cc(73)] ReadMemory at 0x7ff918400000 of 64 bytes failed: Only part of a ReadProcessMemory or WriteProcessMemory request was completed. (0x12B)
[0911/101201.153:WARNING:pe_image_reader.cc(340)] could not read dos header from C:\WINDOWS\SYSTEM32\IPHLPAPI.DLL
[0911/101201.153:ERROR:process_memory_win.cc(73)] ReadMemory at 0x7ff90f030000 of 64 bytes failed: Only part of a ReadProcessMemory or WriteProcessMemory request was completed. (0x12B)
[0911/101201.153:WARNING:pe_image_reader.cc(340)] could not read dos header from C:\WINDOWS\SYSTEM32\WINMM.dll
[0911/101201.153:ERROR:process_memory_win.cc(73)] ReadMemory at 0x7ff8e5d40000 of 64 bytes failed: Only part of a ReadProcessMemory or WriteProcessMemory request was completed. (0x12B)
[0911/101201.153:WARNING:pe_image_reader.cc(340)] could not read dos header from C:\WINDOWS\SYSTEM32\UIAutomationCore.DLL
[0911/101201.153:ERROR:process_memory_win.cc(73)] ReadMemory at 0x7ff90e9e0000 of 64 bytes failed: Only part of a ReadProcessMemory or WriteProcessMemory request was completed. (0x12B)
[0911/101201.153:WARNING:pe_image_reader.cc(340)] could not read dos header from C:\WINDOWS\SYSTEM32\Secur32.dll
[0911/101201.153:ERROR:process_memory_win.cc(73)] ReadMemory at 0x7ff918ee0000 of 64 bytes failed: Only part of a ReadProcessMemory or WriteProcessMemory request was completed. (0x12B)
[0911/101201.153:WARNING:pe_image_reader.cc(340)] could not read dos header from C:\WINDOWS\SYSTEM32\USERENV.dll
[0911/101201.153:ERROR:process_memory_win.cc(73)] ReadMemory at 0x7ff90f8d0000 of 64 bytes failed: Only part of a ReadProcessMemory or WriteProcessMemory request was completed. (0x12B)
[0911/101201.153:WARNING:pe_image_reader.cc(340)] could not read dos header from C:\WINDOWS\SYSTEM32\WINHTTP.dll
[0911/101201.153:ERROR:process_memory_win.cc(73)] ReadMemory at 0x7ff8f04a0000 of 64 bytes failed: Only part of a ReadProcessMemory or WriteProcessMemory request was completed. (0x12B)
[0911/101201.153:WARNING:pe_image_reader.cc(340)] could not read dos header from C:\WINDOWS\SYSTEM32\DWrite.dll
[0911/101201.153:ERROR:process_memory_win.cc(73)] ReadMemory at 0x7ff9035a0000 of 64 bytes failed: Only part of a ReadProcessMemory or WriteProcessMemory request was completed. (0x12B)
[0911/101201.153:WARNING:pe_image_reader.cc(340)] could not read dos header from C:\WINDOWS\SYSTEM32\WINSPOOL.DRV
[0911/101201.153:ERROR:process_memory_win.cc(73)] ReadMemory at 0x7ff903990000 of 64 bytes failed: Only part of a ReadProcessMemory or WriteProcessMemory request was completed. (0x12B)
[0911/101201.153:WARNING:pe_image_reader.cc(340)] could not read dos header from C:\WINDOWS\SYSTEM32\dbghelp.dll
[0911/101201.153:ERROR:process_memory_win.cc(73)] ReadMemory at 0x7ff918a00000 of 64 bytes failed: Only part of a ReadProcessMemory or WriteProcessMemory request was completed. (0x12B)
[0911/101201.153:WARNING:pe_image_reader.cc(340)] could not read dos header from C:\WINDOWS\SYSTEM32\ncrypt.dll
[0911/101201.153:ERROR:process_memory_win.cc(73)] ReadMemory at 0x7ff912510000 of 64 bytes failed: Only part of a ReadProcessMemory or WriteProcessMemory request was completed. (0x12B)
[0911/101201.153:WARNING:pe_image_reader.cc(340)] could not read dos header from C:\WINDOWS\SYSTEM32\dhcpcsvc.DLL
[0911/101201.154:ERROR:process_memory_win.cc(73)] ReadMemory at 0x7ff915e40000 of 64 bytes failed: Only part of a ReadProcessMemory or WriteProcessMemory request was completed. (0x12B)
[0911/101201.154:WARNING:pe_image_reader.cc(340)] could not read dos header from C:\WINDOWS\SYSTEM32\PROPSYS.dll
[0911/101201.154:ERROR:process_memory_win.cc(73)] ReadMemory at 0x7ff918ea0000 of 64 bytes failed: Only part of a ReadProcessMemory or WriteProcessMemory request was completed. (0x12B)
[0911/101201.154:WARNING:pe_image_reader.cc(340)] could not read dos header from C:\WINDOWS\SYSTEM32\SSPICLI.DLL
[0911/101201.154:ERROR:process_memory_win.cc(73)] ReadMemory at 0x7ff918fe0000 of 64 bytes failed: Only part of a ReadProcessMemory or WriteProcessMemory request was completed. (0x12B)
[0911/101201.154:WARNING:pe_image_reader.cc(340)] could not read dos header from C:\WINDOWS\System32\BCRYPT.DLL
[0911/101201.154:ERROR:process_memory_win.cc(73)] ReadMemory at 0x7ff918b10000 of 64 bytes failed: Only part of a ReadProcessMemory or WriteProcessMemory request was completed. (0x12B)
[0911/101201.154:WARNING:pe_image_reader.cc(340)] could not read dos header from C:\WINDOWS\System32\MSASN1.dll
[0911/101201.154:ERROR:process_memory_win.cc(73)] ReadMemory at 0x7ff919830000 of 64 bytes failed: Only part of a ReadProcessMemory or WriteProcessMemory request was completed. (0x12B)
[0911/101201.154:WARNING:pe_image_reader.cc(340)] could not read dos header from C:\WINDOWS\System32\bcryptPrimitives.dll
[0911/101201.154:ERROR:process_memory_win.cc(73)] ReadMemory at 0x7ff9189c0000 of 64 bytes failed: Only part of a ReadProcessMemory or WriteProcessMemory request was completed. (0x12B)
[0911/101201.154:WARNING:pe_image_reader.cc(340)] could not read dos header from C:\WINDOWS\SYSTEM32\NTASN1.dll
[0911/101201.154:ERROR:process_memory_win.cc(73)] ReadMemory at 0x7ff9188e0000 of 64 bytes failed: Only part of a ReadProcessMemory or WriteProcessMemory request was completed. (0x12B)
[0911/101201.154:WARNING:pe_image_reader.cc(340)] could not read dos header from C:\WINDOWS\SYSTEM32\CRYPTBASE.DLL
[0911/101201.154:ERROR:process_memory_win.cc(73)] ReadMemory at 0x7ff918f20000 of 64 bytes failed: Only part of a ReadProcessMemory or WriteProcessMemory request was completed. (0x12B)
[0911/101201.154:WARNING:pe_image_reader.cc(340)] could not read dos header from C:\WINDOWS\System32\profapi.dll
[0911/101201.154:ERROR:process_memory_win.cc(73)] ReadMemory at 0x7ff645610000 of 64 bytes failed: Only part of a ReadProcessMemory or WriteProcessMemory request was completed. (0x12B)
[0911/101201.154:WARNING:pe_image_reader.cc(340)] could not read dos header from C:\Program Files (x86)\Microsoft\Edge\Application\msedge.exe
[0911/101201.154:ERROR:process_memory_win.cc(73)] ReadMemory at 0x7ff645610000 of 64 bytes failed: Only part of a ReadProcessMemory or WriteProcessMemory request was completed. (0x12B)
[0911/101201.154:WARNING:pe_image_reader.cc(340)] could not read dos header from C:\Program Files (x86)\Microsoft\Edge\Application\msedge.exe
[0911/101201.154:ERROR:process_memory_win.cc(73)] ReadMemory at 0x7ff91b890000 of 64 bytes failed: Only part of a ReadProcessMemory or WriteProcessMemory request was completed. (0x12B)
[0911/101201.154:WARNING:pe_image_reader.cc(340)] could not read dos header from C:\WINDOWS\SYSTEM32\ntdll.dll
[0911/101201.154:ERROR:process_memory_win.cc(73)] ReadMemory at 0x7ff91b890000 of 64 bytes failed: Only part of a ReadProcessMemory or WriteProcessMemory request was completed. (0x12B)
[0911/101201.154:WARNING:pe_image_reader.cc(340)] could not read dos header from C:\WINDOWS\SYSTEM32\ntdll.dll
[0911/101201.154:ERROR:process_memory_win.cc(73)] ReadMemory at 0x7ff9199e0000 of 64 bytes failed: Only part of a ReadProcessMemory or WriteProcessMemory request was completed. (0x12B)
[0911/101201.154:WARNING:pe_image_reader.cc(340)] could not read dos header from C:\WINDOWS\System32\KERNEL32.DLL
[0911/101201.154:ERROR:process_memory_win.cc(73)] ReadMemory at 0x7ff9199e0000 of 64 bytes failed: Only part of a ReadProcessMemory or WriteProcessMemory request was completed. (0x12B)
[0911/101201.154:WARNING:pe_image_reader.cc(340)] could not read dos header from C:\WINDOWS\System32\KERNEL32.DLL
[0911/101201.154:ERROR:process_memory_win.cc(73)] ReadMemory at 0x7ff919460000 of 64 bytes failed: Only part of a ReadProcessMemory or WriteProcessMemory request was completed. (0x12B)
[0911/101201.154:WARNING:pe_image_reader.cc(340)] could not read dos header from C:\WINDOWS\System32\KERNELBASE.dll
[0911/101201.154:ERROR:process_memory_win.cc(73)] ReadMemory at 0x7ff919460000 of 64 bytes failed: Only part of a ReadProcessMemory or WriteProcessMemory request was completed. (0x12B)
[0911/101201.154:WARNING:pe_image_reader.cc(340)] could not read dos header from C:\WINDOWS\System32\KERNELBASE.dll
[0911/101201.154:ERROR:process_memory_win.cc(73)] ReadMemory at 0x7ff8eed70000 of 64 bytes failed: Only part of a ReadProcessMemory or WriteProcessMemory request was completed. (0x12B)
[0911/101201.154:WARNING:pe_image_reader.cc(340)] could not read dos header from C:\Program Files (x86)\Microsoft\Edge\Application\85.0.564.44\msedge_elf.dll
[0911/101201.154:ERROR:process_memory_win.cc(73)] ReadMemory at 0x7ff8eed70000 of 64 bytes failed: Only part of a ReadProcessMemory or WriteProcessMemory request was completed. (0x12B)
[0911/101201.154:WARNING:pe_image_reader.cc(340)] could not read dos header from C:\Program Files (x86)\Microsoft\Edge\Application\85.0.564.44\msedge_elf.dll
[0911/101201.154:ERROR:process_memory_win.cc(73)] ReadMemory at 0x7ff91a700000 of 64 bytes failed: Only part of a ReadProcessMemory or WriteProcessMemory request was completed. (0x12B)
[0911/101201.154:WARNING:pe_image_reader.cc(340)] could not read dos header from C:\WINDOWS\System32\ADVAPI32.dll
[0911/101201.154:ERROR:process_memory_win.cc(73)] ReadMemory at 0x7ff91a700000 of 64 bytes failed: Only part of a ReadProcessMemory or WriteProcessMemory request was completed. (0x12B)
[0911/101201.154:WARNING:pe_image_reader.cc(340)] could not read dos header from C:\WINDOWS\System32\ADVAPI32.dll
[0911/101201.155:ERROR:process_memory_win.cc(73)] ReadMemory at 0x7ff91b500000 of 64 bytes failed: Only part of a ReadProcessMemory or WriteProcessMemory request was completed. (0x12B)
[0911/101201.155:WARNING:pe_image_reader.cc(340)] could not read dos header from C:\WINDOWS\System32\msvcrt.dll
[0911/101201.155:ERROR:process_memory_win.cc(73)] ReadMemory at 0x7ff91b500000 of 64 bytes failed: Only part of a ReadProcessMemory or WriteProcessMemory request was completed. (0x12B)
[0911/101201.155:WARNING:pe_image_reader.cc(340)] could not read dos header from C:\WINDOWS\System32\msvcrt.dll
[0911/101201.155:ERROR:process_memory_win.cc(73)] ReadMemory at 0x7ff91b020000 of 64 bytes failed: Only part of a ReadProcessMemory or WriteProcessMemory request was completed. (0x12B)
[0911/101201.155:WARNING:pe_image_reader.cc(340)] could not read dos header from C:\WINDOWS\System32\sechost.dll
[0911/101201.155:ERROR:process_memory_win.cc(73)] ReadMemory at 0x7ff91b020000 of 64 bytes failed: Only part of a ReadProcessMemory or WriteProcessMemory request was completed. (0x12B)
[0911/101201.155:WARNING:pe_image_reader.cc(340)] could not read dos header from C:\WINDOWS\System32\sechost.dll
[0911/101201.155:ERROR:process_memory_win.cc(73)] ReadMemory at 0x7ff91ab00000 of 64 bytes failed: Only part of a ReadProcessMemory or WriteProcessMemory request was completed. (0x12B)
[0911/101201.155:WARNING:pe_image_reader.cc(340)] could not read dos header from C:\WINDOWS\System32\RPCRT4.dll
[0911/101201.155:ERROR:process_memory_win.cc(73)] ReadMemory at 0x7ff91ab00000 of 64 bytes failed: Only part of a ReadProcessMemory or WriteProcessMemory request was completed. (0x12B)
[0911/101201.155:WARNING:pe_image_reader.cc(340)] could not read dos header from C:\WINDOWS\System32\RPCRT4.dll
[0911/101201.155:ERROR:process_memory_win.cc(73)] ReadMemory at 0x7ff8ad4c0000 of 64 bytes failed: Only part of a ReadProcessMemory or WriteProcessMemory request was completed. (0x12B)
[0911/101201.155:WARNING:pe_image_reader.cc(340)] could not read dos header from C:\Program Files (x86)\Microsoft\Edge\Application\85.0.564.44\msedge.dll
[0911/101201.155:ERROR:process_memory_win.cc(73)] ReadMemory at 0x7ff8ad4c0000 of 64 bytes failed: Only part of a ReadProcessMemory or WriteProcessMemory request was completed. (0x12B)
[0911/101201.155:WARNING:pe_image_reader.cc(340)] could not read dos header from C:\Program Files (x86)\Microsoft\Edge\Application\85.0.564.44\msedge.dll
[0911/101201.155:ERROR:process_memory_win.cc(73)] ReadMemory at 0x7ff91aa90000 of 64 bytes failed: Only part of a ReadProcessMemory or WriteProcessMemory request was completed. (0x12B)
[0911/101201.155:WARNING:pe_image_reader.cc(340)] could not read dos header from C:\WINDOWS\System32\WS2_32.dll
[0911/101201.155:ERROR:process_memory_win.cc(73)] ReadMemory at 0x7ff91aa90000 of 64 bytes failed: Only part of a ReadProcessMemory or WriteProcessMemory request was completed. (0x12B)
[0911/101201.155:WARNING:pe_image_reader.cc(340)] could not read dos header from C:\WINDOWS\System32\WS2_32.dll
[0911/101201.155:ERROR:process_memory_win.cc(73)] ReadMemory at 0x7ff91b0c0000 of 64 bytes failed: Only part of a ReadProcessMemory or WriteProcessMemory request was completed. (0x12B)
[0911/101201.155:WARNING:pe_image_reader.cc(340)] could not read dos header from C:\WINDOWS\System32\OLEAUT32.dll
[0911/101201.155:ERROR:process_memory_win.cc(73)] ReadMemory at 0x7ff91b0c0000 of 64 bytes failed: Only part of a ReadProcessMemory or WriteProcessMemory request was completed. (0x12B)
[0911/101201.155:WARNING:pe_image_reader.cc(340)] could not read dos header from C:\WINDOWS\System32\OLEAUT32.dll
[0911/101201.155:ERROR:process_memory_win.cc(73)] ReadMemory at 0x7ff919010000 of 64 bytes failed: Only part of a ReadProcessMemory or WriteProcessMemory request was completed. (0x12B)
[0911/101201.155:WARNING:pe_image_reader.cc(340)] could not read dos header from C:\WINDOWS\System32\msvcp_win.dll
[0911/101201.155:ERROR:process_memory_win.cc(73)] ReadMemory at 0x7ff919010000 of 64 bytes failed: Only part of a ReadProcessMemory or WriteProcessMemory request was completed. (0x12B)
[0911/101201.155:WARNING:pe_image_reader.cc(340)] could not read dos header from C:\WINDOWS\System32\msvcp_win.dll
[0911/101201.155:ERROR:process_memory_win.cc(73)] ReadMemory at 0x7ff919730000 of 64 bytes failed: Only part of a ReadProcessMemory or WriteProcessMemory request was completed. (0x12B)
[0911/101201.155:WARNING:pe_image_reader.cc(340)] could not read dos header from C:\WINDOWS\System32\ucrtbase.dll
[0911/101201.155:ERROR:process_memory_win.cc(73)] ReadMemory at 0x7ff919730000 of 64 bytes failed: Only part of a ReadProcessMemory or WriteProcessMemory request was completed. (0x12B)
[0911/101201.155:WARNING:pe_image_reader.cc(340)] could not read dos header from C:\WINDOWS\System32\ucrtbase.dll
[0911/101201.155:ERROR:process_memory_win.cc(73)] ReadMemory at 0x7ff91acc0000 of 64 bytes failed: Only part of a ReadProcessMemory or WriteProcessMemory request was completed. (0x12B)
[0911/101201.155:WARNING:pe_image_reader.cc(340)] could not read dos header from C:\WINDOWS\System32\combase.dll
[0911/101201.155:ERROR:process_memory_win.cc(73)] ReadMemory at 0x7ff91acc0000 of 64 bytes failed: Only part of a ReadProcessMemory or WriteProcessMemory request was completed. (0x12B)
[0911/101201.155:WARNING:pe_image_reader.cc(340)] could not read dos header from C:\WINDOWS\System32\combase.dll
[0911/101201.156:ERROR:process_memory_win.cc(73)] ReadMemory at 0x7ff919400000 of 64 bytes failed: Only part of a ReadProcessMemory or WriteProcessMemory request was completed. (0x12B)
[0911/101201.156:WARNING:pe_image_reader.cc(340)] could not read dos header from C:\WINDOWS\System32\WINTRUST.dll
[0911/101201.156:ERROR:process_memory_win.cc(73)] ReadMemory at 0x7ff919400000 of 64 bytes failed: Only part of a ReadProcessMemory or WriteProcessMemory request was completed. (0x12B)
[0911/101201.156:WARNING:pe_image_reader.cc(340)] could not read dos header from C:\WINDOWS\System32\WINTRUST.dll
[0911/101201.156:ERROR:process_memory_win.cc(73)] ReadMemory at 0x7ff919160000 of 64 bytes failed: Only part of a ReadProcessMemory or WriteProcessMemory request was completed. (0x12B)
[0911/101201.156:WARNING:pe_image_reader.cc(340)] could not read dos header from C:\WINDOWS\System32\CRYPT32.dll
[0911/101201.156:ERROR:process_memory_win.cc(73)] ReadMemory at 0x7ff919160000 of 64 bytes failed: Only part of a ReadProcessMemory or WriteProcessMemory request was completed. (0x12B)
[0911/101201.156:WARNING:pe_image_reader.cc(340)] could not read dos header from C:\WINDOWS\System32\CRYPT32.dll
[0911/101201.156:ERROR:process_memory_win.cc(73)] ReadMemory at 0x7ff918400000 of 64 bytes failed: Only part of a ReadProcessMemory or WriteProcessMemory request was completed. (0x12B)
[0911/101201.156:WARNING:pe_image_reader.cc(340)] could not read dos header from C:\WINDOWS\SYSTEM32\IPHLPAPI.DLL
[0911/101201.156:ERROR:process_memory_win.cc(73)] ReadMemory at 0x7ff918400000 of 64 bytes failed: Only part of a ReadProcessMemory or WriteProcessMemory request was completed. (0x12B)
[0911/101201.156:WARNING:pe_image_reader.cc(340)] could not read dos header from C:\WINDOWS\SYSTEM32\IPHLPAPI.DLL
[0911/101201.156:ERROR:process_memory_win.cc(73)] ReadMemory at 0x7ff90f030000 of 64 bytes failed: Only part of a ReadProcessMemory or WriteProcessMemory request was completed. (0x12B)
[0911/101201.156:WARNING:pe_image_reader.cc(340)] could not read dos header from C:\WINDOWS\SYSTEM32\WINMM.dll
[0911/101201.156:ERROR:process_memory_win.cc(73)] ReadMemory at 0x7ff90f030000 of 64 bytes failed: Only part of a ReadProcessMemory or WriteProcessMemory request was completed. (0x12B)
[0911/101201.156:WARNING:pe_image_reader.cc(340)] could not read dos header from C:\WINDOWS\SYSTEM32\WINMM.dll
[0911/101201.156:ERROR:process_memory_win.cc(73)] ReadMemory at 0x7ff8e5d40000 of 64 bytes failed: Only part of a ReadProcessMemory or WriteProcessMemory request was completed. (0x12B)
[0911/101201.156:WARNING:pe_image_reader.cc(340)] could not read dos header from C:\WINDOWS\SYSTEM32\UIAutomationCore.DLL
[0911/101201.156:ERROR:process_memory_win.cc(73)] ReadMemory at 0x7ff8e5d40000 of 64 bytes failed: Only part of a ReadProcessMemory or WriteProcessMemory request was completed. (0x12B)
[0911/101201.156:WARNING:pe_image_reader.cc(340)] could not read dos header from C:\WINDOWS\SYSTEM32\UIAutomationCore.DLL
[0911/101201.156:ERROR:process_memory_win.cc(73)] ReadMemory at 0x7ff90e9e0000 of 64 bytes failed: Only part of a ReadProcessMemory or WriteProcessMemory request was completed. (0x12B)
[0911/101201.156:WARNING:pe_image_reader.cc(340)] could not read dos header from C:\WINDOWS\SYSTEM32\Secur32.dll
[0911/101201.156:ERROR:process_memory_win.cc(73)] ReadMemory at 0x7ff90e9e0000 of 64 bytes failed: Only part of a ReadProcessMemory or WriteProcessMemory request was completed. (0x12B)
[0911/101201.156:WARNING:pe_image_reader.cc(340)] could not read dos header from C:\WINDOWS\SYSTEM32\Secur32.dll
[0911/101201.156:ERROR:process_memory_win.cc(73)] ReadMemory at 0x7ff918ee0000 of 64 bytes failed: Only part of a ReadProcessMemory or WriteProcessMemory request was completed. (0x12B)
[0911/101201.156:WARNING:pe_image_reader.cc(340)] could not read dos header from C:\WINDOWS\SYSTEM32\USERENV.dll
[0911/101201.156:ERROR:process_memory_win.cc(73)] ReadMemory at 0x7ff918ee0000 of 64 bytes failed: Only part of a ReadProcessMemory or WriteProcessMemory request was completed. (0x12B)
[0911/101201.156:WARNING:pe_image_reader.cc(340)] could not read dos header from C:\WINDOWS\SYSTEM32\USERENV.dll
[0911/101201.157:ERROR:process_memory_win.cc(73)] ReadMemory at 0x7ff90f8d0000 of 64 bytes failed: Only part of a ReadProcessMemory or WriteProcessMemory request was completed. (0x12B)
[0911/101201.157:WARNING:pe_image_reader.cc(340)] could not read dos header from C:\WINDOWS\SYSTEM32\WINHTTP.dll
[0911/101201.157:ERROR:process_memory_win.cc(73)] ReadMemory at 0x7ff90f8d0000 of 64 bytes failed: Only part of a ReadProcessMemory or WriteProcessMemory request was completed. (0x12B)
[0911/101201.157:WARNING:pe_image_reader.cc(340)] could not read dos header from C:\WINDOWS\SYSTEM32\WINHTTP.dll
[0911/101201.157:ERROR:process_memory_win.cc(73)] ReadMemory at 0x7ff8f04a0000 of 64 bytes failed: Only part of a ReadProcessMemory or WriteProcessMemory request was completed. (0x12B)
[0911/101201.157:WARNING:pe_image_reader.cc(340)] could not read dos header from C:\WINDOWS\SYSTEM32\DWrite.dll
[0911/101201.157:ERROR:process_memory_win.cc(73)] ReadMemory at 0x7ff8f04a0000 of 64 bytes failed: Only part of a ReadProcessMemory or WriteProcessMemory request was completed. (0x12B)
[0911/101201.157:WARNING:pe_image_reader.cc(340)] could not read dos header from C:\WINDOWS\SYSTEM32\DWrite.dll
[0911/101201.157:ERROR:process_memory_win.cc(73)] ReadMemory at 0x7ff9035a0000 of 64 bytes failed: Only part of a ReadProcessMemory or WriteProcessMemory request was completed. (0x12B)
[0911/101201.157:WARNING:pe_image_reader.cc(340)] could not read dos header from C:\WINDOWS\SYSTEM32\WINSPOOL.DRV
[0911/101201.157:ERROR:process_memory_win.cc(73)] ReadMemory at 0x7ff9035a0000 of 64 bytes failed: Only part of a ReadProcessMemory or WriteProcessMemory request was completed. (0x12B)
[0911/101201.157:WARNING:pe_image_reader.cc(340)] could not read dos header from C:\WINDOWS\SYSTEM32\WINSPOOL.DRV
[0911/101201.157:ERROR:process_memory_win.cc(73)] ReadMemory at 0x7ff903990000 of 64 bytes failed: Only part of a ReadProcessMemory or WriteProcessMemory request was completed. (0x12B)
[0911/101201.157:WARNING:pe_image_reader.cc(340)] could not read dos header from C:\WINDOWS\SYSTEM32\dbghelp.dll
[0911/101201.157:ERROR:process_memory_win.cc(73)] ReadMemory at 0x7ff903990000 of 64 bytes failed: Only part of a ReadProcessMemory or WriteProcessMemory request was completed. (0x12B)
[0911/101201.157:WARNING:pe_image_reader.cc(340)] could not read dos header from C:\WINDOWS\SYSTEM32\dbghelp.dll
[0911/101201.157:ERROR:process_memory_win.cc(73)] ReadMemory at 0x7ff918a00000 of 64 bytes failed: Only part of a ReadProcessMemory or WriteProcessMemory request was completed. (0x12B)
[0911/101201.157:WARNING:pe_image_reader.cc(340)] could not read dos header from C:\WINDOWS\SYSTEM32\ncrypt.dll
[0911/101201.157:ERROR:process_memory_win.cc(73)] ReadMemory at 0x7ff918a00000 of 64 bytes failed: Only part of a ReadProcessMemory or WriteProcessMemory request was completed. (0x12B)
[0911/101201.157:WARNING:pe_image_reader.cc(340)] could not read dos header from C:\WINDOWS\SYSTEM32\ncrypt.dll
[0911/101201.158:ERROR:process_memory_win.cc(73)] ReadMemory at 0x7ff912510000 of 64 bytes failed: Only part of a ReadProcessMemory or WriteProcessMemory request was completed. (0x12B)
[0911/101201.158:WARNING:pe_image_reader.cc(340)] could not read dos header from C:\WINDOWS\SYSTEM32\dhcpcsvc.DLL
[0911/101201.158:ERROR:process_memory_win.cc(73)] ReadMemory at 0x7ff912510000 of 64 bytes failed: Only part of a ReadProcessMemory or WriteProcessMemory request was completed. (0x12B)
[0911/101201.158:WARNING:pe_image_reader.cc(340)] could not read dos header from C:\WINDOWS\SYSTEM32\dhcpcsvc.DLL
[0911/101201.158:ERROR:process_memory_win.cc(73)] ReadMemory at 0x7ff915e40000 of 64 bytes failed: Only part of a ReadProcessMemory or WriteProcessMemory request was completed. (0x12B)
[0911/101201.158:WARNING:pe_image_reader.cc(340)] could not read dos header from C:\WINDOWS\SYSTEM32\PROPSYS.dll
[0911/101201.158:ERROR:process_memory_win.cc(73)] ReadMemory at 0x7ff915e40000 of 64 bytes failed: Only part of a ReadProcessMemory or WriteProcessMemory request was completed. (0x12B)
[0911/101201.158:WARNING:pe_image_reader.cc(340)] could not read dos header from C:\WINDOWS\SYSTEM32\PROPSYS.dll
[0911/101201.158:ERROR:process_memory_win.cc(73)] ReadMemory at 0x7ff918ea0000 of 64 bytes failed: Only part of a ReadProcessMemory or WriteProcessMemory request was completed. (0x12B)
[0911/101201.158:WARNING:pe_image_reader.cc(340)] could not read dos header from C:\WINDOWS\SYSTEM32\SSPICLI.DLL
[0911/101201.158:ERROR:process_memory_win.cc(73)] ReadMemory at 0x7ff918ea0000 of 64 bytes failed: Only part of a ReadProcessMemory or WriteProcessMemory request was completed. (0x12B)
[0911/101201.158:WARNING:pe_image_reader.cc(340)] could not read dos header from C:\WINDOWS\SYSTEM32\SSPICLI.DLL
[0911/101201.158:ERROR:process_memory_win.cc(73)] ReadMemory at 0x7ff918fe0000 of 64 bytes failed: Only part of a ReadProcessMemory or WriteProcessMemory request was completed. (0x12B)
[0911/101201.158:WARNING:pe_image_reader.cc(340)] could not read dos header from C:\WINDOWS\System32\BCRYPT.DLL
[0911/101201.158:ERROR:process_memory_win.cc(73)] ReadMemory at 0x7ff918fe0000 of 64 bytes failed: Only part of a ReadProcessMemory or WriteProcessMemory request was completed. (0x12B)
[0911/101201.158:WARNING:pe_image_reader.cc(340)] could not read dos header from C:\WINDOWS\System32\BCRYPT.DLL
[0911/101201.158:ERROR:process_memory_win.cc(73)] ReadMemory at 0x7ff918b10000 of 64 bytes failed: Only part of a ReadProcessMemory or WriteProcessMemory request was completed. (0x12B)
[0911/101201.158:WARNING:pe_image_reader.cc(340)] could not read dos header from C:\WINDOWS\System32\MSASN1.dll
[0911/101201.158:ERROR:process_memory_win.cc(73)] ReadMemory at 0x7ff918b10000 of 64 bytes failed: Only part of a ReadProcessMemory or WriteProcessMemory request was completed. (0x12B)
[0911/101201.158:WARNING:pe_image_reader.cc(340)] could not read dos header from C:\WINDOWS\System32\MSASN1.dll
[0911/101201.158:ERROR:process_memory_win.cc(73)] ReadMemory at 0x7ff919830000 of 64 bytes failed: Only part of a ReadProcessMemory or WriteProcessMemory request was completed. (0x12B)
[0911/101201.158:WARNING:pe_image_reader.cc(340)] could not read dos header from C:\WINDOWS\System32\bcryptPrimitives.dll
[0911/101201.158:ERROR:process_memory_win.cc(73)] ReadMemory at 0x7ff919830000 of 64 bytes failed: Only part of a ReadProcessMemory or WriteProcessMemory request was completed. (0x12B)
[0911/101201.158:WARNING:pe_image_reader.cc(340)] could not read dos header from C:\WINDOWS\System32\bcryptPrimitives.dll
[0911/101201.158:ERROR:process_memory_win.cc(73)] ReadMemory at 0x7ff9189c0000 of 64 bytes failed: Only part of a ReadProcessMemory or WriteProcessMemory request was completed. (0x12B)
[0911/101201.159:WARNING:pe_image_reader.cc(340)] could not read dos header from C:\WINDOWS\SYSTEM32\NTASN1.dll
[0911/101201.159:ERROR:process_memory_win.cc(73)] ReadMemory at 0x7ff9189c0000 of 64 bytes failed: Only part of a ReadProcessMemory or WriteProcessMemory request was completed. (0x12B)
[0911/101201.159:WARNING:pe_image_reader.cc(340)] could not read dos header from C:\WINDOWS\SYSTEM32\NTASN1.dll
[0911/101201.159:ERROR:process_memory_win.cc(73)] ReadMemory at 0x7ff9188e0000 of 64 bytes failed: Only part of a ReadProcessMemory or WriteProcessMemory request was completed. (0x12B)
[0911/101201.159:WARNING:pe_image_reader.cc(340)] could not read dos header from C:\WINDOWS\SYSTEM32\CRYPTBASE.DLL
[0911/101201.159:ERROR:process_memory_win.cc(73)] ReadMemory at 0x7ff9188e0000 of 64 bytes failed: Only part of a ReadProcessMemory or WriteProcessMemory request was completed. (0x12B)
[0911/101201.159:WARNING:pe_image_reader.cc(340)] could not read dos header from C:\WINDOWS\SYSTEM32\CRYPTBASE.DLL
[0911/101201.159:ERROR:process_memory_win.cc(73)] ReadMemory at 0x7ff918f20000 of 64 bytes failed: Only part of a ReadProcessMemory or WriteProcessMemory request was completed. (0x12B)
[0911/101201.159:WARNING:pe_image_reader.cc(340)] could not read dos header from C:\WINDOWS\System32\profapi.dll
[0911/101201.159:ERROR:process_memory_win.cc(73)] ReadMemory at 0x7ff918f20000 of 64 bytes failed: Only part of a ReadProcessMemory or WriteProcessMemory request was completed. (0x12B)
[0911/101201.159:WARNING:pe_image_reader.cc(340)] could not read dos header from C:\WINDOWS\System32\profapi.dll
[0911/101207.788:ERROR:process_memory_win.cc(73)] ReadMemory at 0x7ff645610000 of 64 bytes failed: Only part of a ReadProcessMemory or WriteProcessMemory request was completed. (0x12B)
[0911/101207.788:WARNING:pe_image_reader.cc(340)] could not read dos header from C:\Program Files (x86)\Microsoft\Edge\Application\msedge.exe
[0911/101207.788:ERROR:process_memory_win.cc(73)] ReadMemory at 0x7ff91b890000 of 64 bytes failed: Only part of a ReadProcessMemory or WriteProcessMemory request was completed. (0x12B)
[0911/101207.788:WARNING:pe_image_reader.cc(340)] could not read dos header from C:\WINDOWS\SYSTEM32\ntdll.dll
[0911/101207.789:ERROR:process_memory_win.cc(73)] ReadMemory at 0x7ff9199e0000 of 64 bytes failed: Only part of a ReadProcessMemory or WriteProcessMemory request was completed. (0x12B)
[0911/101207.789:WARNING:pe_image_reader.cc(340)] could not read dos header from C:\WINDOWS\System32\KERNEL32.DLL
[0911/101207.789:ERROR:process_memory_win.cc(73)] ReadMemory at 0x7ff919460000 of 64 bytes failed: Only part of a ReadProcessMemory or WriteProcessMemory request was completed. (0x12B)
[0911/101207.789:WARNING:pe_image_reader.cc(340)] could not read dos header from C:\WINDOWS\System32\KERNELBASE.dll
[0911/101207.789:ERROR:process_memory_win.cc(73)] ReadMemory at 0x7ff8eed70000 of 64 bytes failed: Only part of a ReadProcessMemory or WriteProcessMemory request was completed. (0x12B)
[0911/101207.789:WARNING:pe_image_reader.cc(340)] could not read dos header from C:\Program Files (x86)\Microsoft\Edge\Application\85.0.564.44\msedge_elf.dll
[0911/101207.789:ERROR:process_memory_win.cc(73)] ReadMemory at 0x7ff91a700000 of 64 bytes failed: Only part of a ReadProcessMemory or WriteProcessMemory request was completed. (0x12B)
[0911/101207.789:WARNING:pe_image_reader.cc(340)] could not read dos header from C:\WINDOWS\System32\ADVAPI32.dll
[0911/101207.789:ERROR:process_memory_win.cc(73)] ReadMemory at 0x7ff91b500000 of 64 bytes failed: Only part of a ReadProcessMemory or WriteProcessMemory request was completed. (0x12B)
[0911/101207.789:WARNING:pe_image_reader.cc(340)] could not read dos header from C:\WINDOWS\System32\msvcrt.dll
[0911/101207.789:ERROR:process_memory_win.cc(73)] ReadMemory at 0x7ff91b020000 of 64 bytes failed: Only part of a ReadProcessMemory or WriteProcessMemory request was completed. (0x12B)
[0911/101207.789:WARNING:pe_image_reader.cc(340)] could not read dos header from C:\WINDOWS\System32\sechost.dll
[0911/101207.789:ERROR:process_memory_win.cc(73)] ReadMemory at 0x7ff91ab00000 of 64 bytes failed: Only part of a ReadProcessMemory or WriteProcessMemory request was completed. (0x12B)
[0911/101207.789:WARNING:pe_image_reader.cc(340)] could not read dos header from C:\WINDOWS\System32\RPCRT4.dll
[0911/101207.789:ERROR:process_memory_win.cc(73)] ReadMemory at 0x7ff8ad4c0000 of 64 bytes failed: Only part of a ReadProcessMemory or WriteProcessMemory request was completed. (0x12B)
[0911/101207.789:WARNING:pe_image_reader.cc(340)] could not read dos header from C:\Program Files (x86)\Microsoft\Edge\Application\85.0.564.44\msedge.dll
[0911/101207.789:ERROR:process_memory_win.cc(73)] ReadMemory at 0x7ff91aa90000 of 64 bytes failed: Only part of a ReadProcessMemory or WriteProcessMemory request was completed. (0x12B)
[0911/101207.789:WARNING:pe_image_reader.cc(340)] could not read dos header from C:\WINDOWS\System32\WS2_32.dll
[0911/101207.789:ERROR:process_memory_win.cc(73)] ReadMemory at 0x7ff91b0c0000 of 64 bytes failed: Only part of a ReadProcessMemory or WriteProcessMemory request was completed. (0x12B)
[0911/101207.789:WARNING:pe_image_reader.cc(340)] could not read dos header from C:\WINDOWS\System32\OLEAUT32.dll
[0911/101207.789:ERROR:process_memory_win.cc(73)] ReadMemory at 0x7ff919010000 of 64 bytes failed: Only part of a ReadProcessMemory or WriteProcessMemory request was completed. (0x12B)
[0911/101207.789:WARNING:pe_image_reader.cc(340)] could not read dos header from C:\WINDOWS\System32\msvcp_win.dll
[0911/101207.789:ERROR:process_memory_win.cc(73)] ReadMemory at 0x7ff919730000 of 64 bytes failed: Only part of a ReadProcessMemory or WriteProcessMemory request was completed. (0x12B)
[0911/101207.789:WARNING:pe_image_reader.cc(340)] could not read dos header from C:\WINDOWS\System32\ucrtbase.dll
[0911/101207.789:ERROR:process_memory_win.cc(73)] ReadMemory at 0x7ff91acc0000 of 64 bytes failed: Only part of a ReadProcessMemory or WriteProcessMemory request was completed. (0x12B)
[0911/101207.789:WARNING:pe_image_reader.cc(340)] could not read dos header from C:\WINDOWS\System32\combase.dll
[0911/101207.789:ERROR:process_memory_win.cc(73)] ReadMemory at 0x7ff919400000 of 64 bytes failed: Only part of a ReadProcessMemory or WriteProcessMemory request was completed. (0x12B)
[0911/101207.789:WARNING:pe_image_reader.cc(340)] could not read dos header from C:\WINDOWS\System32\WINTRUST.dll
[0911/101207.789:ERROR:process_memory_win.cc(73)] ReadMemory at 0x7ff919160000 of 64 bytes failed: Only part of a ReadProcessMemory or WriteProcessMemory request was completed. (0x12B)
[0911/101207.789:WARNING:pe_image_reader.cc(340)] could not read dos header from C:\WINDOWS\System32\CRYPT32.dll
[0911/101207.789:ERROR:process_memory_win.cc(73)] ReadMemory at 0x7ff918400000 of 64 bytes failed: Only part of a ReadProcessMemory or WriteProcessMemory request was completed. (0x12B)
[0911/101207.789:WARNING:pe_image_reader.cc(340)] could not read dos header from C:\WINDOWS\SYSTEM32\IPHLPAPI.DLL
[0911/101207.789:ERROR:process_memory_win.cc(73)] ReadMemory at 0x7ff90f030000 of 64 bytes failed: Only part of a ReadProcessMemory or WriteProcessMemory request was completed. (0x12B)
[0911/101207.789:WARNING:pe_image_reader.cc(340)] could not read dos header from C:\WINDOWS\SYSTEM32\WINMM.dll
[0911/101207.789:ERROR:process_memory_win.cc(73)] ReadMemory at 0x7ff8e5d40000 of 64 bytes failed: Only part of a ReadProcessMemory or WriteProcessMemory request was completed. (0x12B)
[0911/101207.789:WARNING:pe_image_reader.cc(340)] could not read dos header from C:\WINDOWS\SYSTEM32\UIAutomationCore.DLL
[0911/101207.789:ERROR:process_memory_win.cc(73)] ReadMemory at 0x7ff90e9e0000 of 64 bytes failed: Only part of a ReadProcessMemory or WriteProcessMemory request was completed. (0x12B)
[0911/101207.789:WARNING:pe_image_reader.cc(340)] could not read dos header from C:\WINDOWS\SYSTEM32\Secur32.dll
[0911/101207.789:ERROR:process_memory_win.cc(73)] ReadMemory at 0x7ff918ee0000 of 64 bytes failed: Only part of a ReadProcessMemory or WriteProcessMemory request was completed. (0x12B)
[0911/101207.789:WARNING:pe_image_reader.cc(340)] could not read dos header from C:\WINDOWS\SYSTEM32\USERENV.dll
[0911/101207.789:ERROR:process_memory_win.cc(73)] ReadMemory at 0x7ff90f8d0000 of 64 bytes failed: Only part of a ReadProcessMemory or WriteProcessMemory request was completed. (0x12B)
[0911/101207.789:WARNING:pe_image_reader.cc(340)] could not read dos header from C:\WINDOWS\SYSTEM32\WINHTTP.dll
[0911/101207.789:ERROR:process_memory_win.cc(73)] ReadMemory at 0x7ff8f04a0000 of 64 bytes failed: Only part of a ReadProcessMemory or WriteProcessMemory request was completed. (0x12B)
[0911/101207.789:WARNING:pe_image_reader.cc(340)] could not read dos header from C:\WINDOWS\SYSTEM32\DWrite.dll
[0911/101207.789:ERROR:process_memory_win.cc(73)] ReadMemory at 0x7ff9035a0000 of 64 bytes failed: Only part of a ReadProcessMemory or WriteProcessMemory request was completed. (0x12B)
[0911/101207.789:WARNING:pe_image_reader.cc(340)] could not read dos header from C:\WINDOWS\SYSTEM32\WINSPOOL.DRV
[0911/101207.789:ERROR:process_memory_win.cc(73)] ReadMemory at 0x7ff903990000 of 64 bytes failed: Only part of a ReadProcessMemory or WriteProcessMemory request was completed. (0x12B)
[0911/101207.789:WARNING:pe_image_reader.cc(340)] could not read dos header from C:\WINDOWS\SYSTEM32\dbghelp.dll
[0911/101207.789:ERROR:process_memory_win.cc(73)] ReadMemory at 0x7ff918a00000 of 64 bytes failed: Only part of a ReadProcessMemory or WriteProcessMemory request was completed. (0x12B)
[0911/101207.789:WARNING:pe_image_reader.cc(340)] could not read dos header from C:\WINDOWS\SYSTEM32\ncrypt.dll
[0911/101207.789:ERROR:process_memory_win.cc(73)] ReadMemory at 0x7ff912510000 of 64 bytes failed: Only part of a ReadProcessMemory or WriteProcessMemory request was completed. (0x12B)
[0911/101207.789:WARNING:pe_image_reader.cc(340)] could not read dos header from C:\WINDOWS\SYSTEM32\dhcpcsvc.DLL
[0911/101207.790:ERROR:process_memory_win.cc(73)] ReadMemory at 0x7ff915e40000 of 64 bytes failed: Only part of a ReadProcessMemory or WriteProcessMemory request was completed. (0x12B)
[0911/101207.790:WARNING:pe_image_reader.cc(340)] could not read dos header from C:\WINDOWS\SYSTEM32\PROPSYS.dll
[0911/101207.790:ERROR:process_memory_win.cc(73)] ReadMemory at 0x7ff918ea0000 of 64 bytes failed: Only part of a ReadProcessMemory or WriteProcessMemory request was completed. (0x12B)
[0911/101207.790:WARNING:pe_image_reader.cc(340)] could not read dos header from C:\WINDOWS\SYSTEM32\SSPICLI.DLL
[0911/101207.790:ERROR:process_memory_win.cc(73)] ReadMemory at 0x7ff918fe0000 of 64 bytes failed: Only part of a ReadProcessMemory or WriteProcessMemory request was completed. (0x12B)
[0911/101207.790:WARNING:pe_image_reader.cc(340)] could not read dos header from C:\WINDOWS\System32\BCRYPT.DLL
[0911/101207.790:ERROR:process_memory_win.cc(73)] ReadMemory at 0x7ff918b10000 of 64 bytes failed: Only part of a ReadProcessMemory or WriteProcessMemory request was completed. (0x12B)
[0911/101207.790:WARNING:pe_image_reader.cc(340)] could not read dos header from C:\WINDOWS\System32\MSASN1.dll
[0911/101207.790:ERROR:process_memory_win.cc(73)] ReadMemory at 0x7ff919830000 of 64 bytes failed: Only part of a ReadProcessMemory or WriteProcessMemory request was completed. (0x12B)
[0911/101207.790:WARNING:pe_image_reader.cc(340)] could not read dos header from C:\WINDOWS\System32\bcryptPrimitives.dll
[0911/101207.790:ERROR:process_memory_win.cc(73)] ReadMemory at 0x7ff9189c0000 of 64 bytes failed: Only part of a ReadProcessMemory or WriteProcessMemory request was completed. (0x12B)
[0911/101207.790:WARNING:pe_image_reader.cc(340)] could not read dos header from C:\WINDOWS\SYSTEM32\NTASN1.dll
[0911/101207.790:ERROR:process_memory_win.cc(73)] ReadMemory at 0x7ff9188e0000 of 64 bytes failed: Only part of a ReadProcessMemory or WriteProcessMemory request was completed. (0x12B)
[0911/101207.790:WARNING:pe_image_reader.cc(340)] could not read dos header from C:\WINDOWS\SYSTEM32\CRYPTBASE.DLL
[0911/101207.790:ERROR:process_memory_win.cc(73)] ReadMemory at 0x7ff918f20000 of 64 bytes failed: Only part of a ReadProcessMemory or WriteProcessMemory request was completed. (0x12B)
[0911/101207.790:WARNING:pe_image_reader.cc(340)] could not read dos header from C:\WINDOWS\System32\profapi.dll
[0911/101207.792:ERROR:process_memory_win.cc(73)] ReadMemory at 0x7ff645610000 of 64 bytes failed: Only part of a ReadProcessMemory or WriteProcessMemory request was completed. (0x12B)
[0911/101207.793:WARNING:pe_image_reader.cc(340)] could not read dos header from C:\Program Files (x86)\Microsoft\Edge\Application\msedge.exe
[0911/101207.793:ERROR:process_memory_win.cc(73)] ReadMemory at 0x7ff91b890000 of 64 bytes failed: Only part of a ReadProcessMemory or WriteProcessMemory request was completed. (0x12B)
[0911/101207.793:WARNING:pe_image_reader.cc(340)] could not read dos header from C:\WINDOWS\SYSTEM32\ntdll.dll
[0911/101207.793:ERROR:process_memory_win.cc(73)] ReadMemory at 0x7ff9199e0000 of 64 bytes failed: Only part of a ReadProcessMemory or WriteProcessMemory request was completed. (0x12B)
[0911/101207.793:WARNING:pe_image_reader.cc(340)] could not read dos header from C:\WINDOWS\System32\KERNEL32.DLL
[0911/101207.793:ERROR:process_memory_win.cc(73)] ReadMemory at 0x7ff919460000 of 64 bytes failed: Only part of a ReadProcessMemory or WriteProcessMemory request was completed. (0x12B)
[0911/101207.793:WARNING:pe_image_reader.cc(340)] could not read dos header from C:\WINDOWS\System32\KERNELBASE.dll
[0911/101207.793:ERROR:process_memory_win.cc(73)] ReadMemory at 0x7ff8eed70000 of 64 bytes failed: Only part of a ReadProcessMemory or WriteProcessMemory request was completed. (0x12B)
[0911/101207.793:WARNING:pe_image_reader.cc(340)] could not read dos header from C:\Program Files (x86)\Microsoft\Edge\Application\85.0.564.44\msedge_elf.dll
[0911/101207.793:ERROR:process_memory_win.cc(73)] ReadMemory at 0x7ff91a700000 of 64 bytes failed: Only part of a ReadProcessMemory or WriteProcessMemory request was completed. (0x12B)
[0911/101207.793:WARNING:pe_image_reader.cc(340)] could not read dos header from C:\WINDOWS\System32\ADVAPI32.dll
[0911/101207.793:ERROR:process_memory_win.cc(73)] ReadMemory at 0x7ff91b500000 of 64 bytes failed: Only part of a ReadProcessMemory or WriteProcessMemory request was completed. (0x12B)
[0911/101207.793:WARNING:pe_image_reader.cc(340)] could not read dos header from C:\WINDOWS\System32\msvcrt.dll
[0911/101207.793:ERROR:process_memory_win.cc(73)] ReadMemory at 0x7ff91b020000 of 64 bytes failed: Only part of a ReadProcessMemory or WriteProcessMemory request was completed. (0x12B)
[0911/101207.793:WARNING:pe_image_reader.cc(340)] could not read dos header from C:\WINDOWS\System32\sechost.dll
[0911/101207.793:ERROR:process_memory_win.cc(73)] ReadMemory at 0x7ff91ab00000 of 64 bytes failed: Only part of a ReadProcessMemory or WriteProcessMemory request was completed. (0x12B)
[0911/101207.793:WARNING:pe_image_reader.cc(340)] could not read dos header from C:\WINDOWS\System32\RPCRT4.dll
[0911/101207.793:ERROR:process_memory_win.cc(73)] ReadMemory at 0x7ff8ad4c0000 of 64 bytes failed: Only part of a ReadProcessMemory or WriteProcessMemory request was completed. (0x12B)
[0911/101207.793:WARNING:pe_image_reader.cc(340)] could not read dos header from C:\Program Files (x86)\Microsoft\Edge\Application\85.0.564.44\msedge.dll
[0911/101207.793:ERROR:process_memory_win.cc(73)] ReadMemory at 0x7ff91aa90000 of 64 bytes failed: Only part of a ReadProcessMemory or WriteProcessMemory request was completed. (0x12B)
[0911/101207.793:WARNING:pe_image_reader.cc(340)] could not read dos header from C:\WINDOWS\System32\WS2_32.dll
[0911/101207.793:ERROR:process_memory_win.cc(73)] ReadMemory at 0x7ff91b0c0000 of 64 bytes failed: Only part of a ReadProcessMemory or WriteProcessMemory request was completed. (0x12B)
[0911/101207.793:WARNING:pe_image_reader.cc(340)] could not read dos header from C:\WINDOWS\System32\OLEAUT32.dll
[0911/101207.793:ERROR:process_memory_win.cc(73)] ReadMemory at 0x7ff919010000 of 64 bytes failed: Only part of a ReadProcessMemory or WriteProcessMemory request was completed. (0x12B)
[0911/101207.793:WARNING:pe_image_reader.cc(340)] could not read dos header from C:\WINDOWS\System32\msvcp_win.dll
[0911/101207.793:ERROR:process_memory_win.cc(73)] ReadMemory at 0x7ff919730000 of 64 bytes failed: Only part of a ReadProcessMemory or WriteProcessMemory request was completed. (0x12B)
[0911/101207.793:WARNING:pe_image_reader.cc(340)] could not read dos header from C:\WINDOWS\System32\ucrtbase.dll
[0911/101207.793:ERROR:process_memory_win.cc(73)] ReadMemory at 0x7ff91acc0000 of 64 bytes failed: Only part of a ReadProcessMemory or WriteProcessMemory request was completed. (0x12B)
[0911/101207.793:WARNING:pe_image_reader.cc(340)] could not read dos header from C:\WINDOWS\System32\combase.dll
[0911/101207.793:ERROR:process_memory_win.cc(73)] ReadMemory at 0x7ff919400000 of 64 bytes failed: Only part of a ReadProcessMemory or WriteProcessMemory request was completed. (0x12B)
[0911/101207.793:WARNING:pe_image_reader.cc(340)] could not read dos header from C:\WINDOWS\System32\WINTRUST.dll
[0911/101207.793:ERROR:process_memory_win.cc(73)] ReadMemory at 0x7ff919160000 of 64 bytes failed: Only part of a ReadProcessMemory or WriteProcessMemory request was completed. (0x12B)
[0911/101207.793:WARNING:pe_image_reader.cc(340)] could not read dos header from C:\WINDOWS\System32\CRYPT32.dll
[0911/101207.793:ERROR:process_memory_win.cc(73)] ReadMemory at 0x7ff918400000 of 64 bytes failed: Only part of a ReadProcessMemory or WriteProcessMemory request was completed. (0x12B)
[0911/101207.793:WARNING:pe_image_reader.cc(340)] could not read dos header from C:\WINDOWS\SYSTEM32\IPHLPAPI.DLL
[0911/101207.793:ERROR:process_memory_win.cc(73)] ReadMemory at 0x7ff90f030000 of 64 bytes failed: Only part of a ReadProcessMemory or WriteProcessMemory request was completed. (0x12B)
[0911/101207.793:WARNING:pe_image_reader.cc(340)] could not read dos header from C:\WINDOWS\SYSTEM32\WINMM.dll
[0911/101207.793:ERROR:process_memory_win.cc(73)] ReadMemory at 0x7ff8e5d40000 of 64 bytes failed: Only part of a ReadProcessMemory or WriteProcessMemory request was completed. (0x12B)
[0911/101207.793:WARNING:pe_image_reader.cc(340)] could not read dos header from C:\WINDOWS\SYSTEM32\UIAutomationCore.DLL
[0911/101207.793:ERROR:process_memory_win.cc(73)] ReadMemory at 0x7ff90e9e0000 of 64 bytes failed: Only part of a ReadProcessMemory or WriteProcessMemory request was completed. (0x12B)
[0911/101207.793:WARNING:pe_image_reader.cc(340)] could not read dos header from C:\WINDOWS\SYSTEM32\Secur32.dll
[0911/101207.793:ERROR:process_memory_win.cc(73)] ReadMemory at 0x7ff918ee0000 of 64 bytes failed: Only part of a ReadProcessMemory or WriteProcessMemory request was completed. (0x12B)
[0911/101207.793:WARNING:pe_image_reader.cc(340)] could not read dos header from C:\WINDOWS\SYSTEM32\USERENV.dll
[0911/101207.793:ERROR:process_memory_win.cc(73)] ReadMemory at 0x7ff90f8d0000 of 64 bytes failed: Only part of a ReadProcessMemory or WriteProcessMemory request was completed. (0x12B)
[0911/101207.793:WARNING:pe_image_reader.cc(340)] could not read dos header from C:\WINDOWS\SYSTEM32\WINHTTP.dll
[0911/101207.793:ERROR:process_memory_win.cc(73)] ReadMemory at 0x7ff8f04a0000 of 64 bytes failed: Only part of a ReadProcessMemory or WriteProcessMemory request was completed. (0x12B)
[0911/101207.793:WARNING:pe_image_reader.cc(340)] could not read dos header from C:\WINDOWS\SYSTEM32\DWrite.dll
[0911/101207.793:ERROR:process_memory_win.cc(73)] ReadMemory at 0x7ff9035a0000 of 64 bytes failed: Only part of a ReadProcessMemory or WriteProcessMemory request was completed. (0x12B)
[0911/101207.793:WARNING:pe_image_reader.cc(340)] could not read dos header from C:\WINDOWS\SYSTEM32\WINSPOOL.DRV
[0911/101207.793:ERROR:process_memory_win.cc(73)] ReadMemory at 0x7ff903990000 of 64 bytes failed: Only part of a ReadProcessMemory or WriteProcessMemory request was completed. (0x12B)
[0911/101207.793:WARNING:pe_image_reader.cc(340)] could not read dos header from C:\WINDOWS\SYSTEM32\dbghelp.dll
[0911/101207.793:ERROR:process_memory_win.cc(73)] ReadMemory at 0x7ff918a00000 of 64 bytes failed: Only part of a ReadProcessMemory or WriteProcessMemory request was completed. (0x12B)
[0911/101207.793:WARNING:pe_image_reader.cc(340)] could not read dos header from C:\WINDOWS\SYSTEM32\ncrypt.dll
[0911/101207.794:ERROR:process_memory_win.cc(73)] ReadMemory at 0x7ff912510000 of 64 bytes failed: Only part of a ReadProcessMemory or WriteProcessMemory request was completed. (0x12B)
[0911/101207.794:WARNING:pe_image_reader.cc(340)] could not read dos header from C:\WINDOWS\SYSTEM32\dhcpcsvc.DLL
[0911/101207.794:ERROR:process_memory_win.cc(73)] ReadMemory at 0x7ff915e40000 of 64 bytes failed: Only part of a ReadProcessMemory or WriteProcessMemory request was completed. (0x12B)
[0911/101207.794:WARNING:pe_image_reader.cc(340)] could not read dos header from C:\WINDOWS\SYSTEM32\PROPSYS.dll
[0911/101207.794:ERROR:process_memory_win.cc(73)] ReadMemory at 0x7ff918ea0000 of 64 bytes failed: Only part of a ReadProcessMemory or WriteProcessMemory request was completed. (0x12B)
[0911/101207.794:WARNING:pe_image_reader.cc(340)] could not read dos header from C:\WINDOWS\SYSTEM32\SSPICLI.DLL
[0911/101207.794:ERROR:process_memory_win.cc(73)] ReadMemory at 0x7ff918fe0000 of 64 bytes failed: Only part of a ReadProcessMemory or WriteProcessMemory request was completed. (0x12B)
[0911/101207.794:WARNING:pe_image_reader.cc(340)] could not read dos header from C:\WINDOWS\System32\BCRYPT.DLL
[0911/101207.794:ERROR:process_memory_win.cc(73)] ReadMemory at 0x7ff918b10000 of 64 bytes failed: Only part of a ReadProcessMemory or WriteProcessMemory request was completed. (0x12B)
[0911/101207.794:WARNING:pe_image_reader.cc(340)] could not read dos header from C:\WINDOWS\System32\MSASN1.dll
[0911/101207.794:ERROR:process_memory_win.cc(73)] ReadMemory at 0x7ff919830000 of 64 bytes failed: Only part of a ReadProcessMemory or WriteProcessMemory request was completed. (0x12B)
[0911/101207.794:WARNING:pe_image_reader.cc(340)] could not read dos header from C:\WINDOWS\System32\bcryptPrimitives.dll
[0911/101207.794:ERROR:process_memory_win.cc(73)] ReadMemory at 0x7ff9189c0000 of 64 bytes failed: Only part of a ReadProcessMemory or WriteProcessMemory request was completed. (0x12B)
[0911/101207.794:WARNING:pe_image_reader.cc(340)] could not read dos header from C:\WINDOWS\SYSTEM32\NTASN1.dll
[0911/101207.794:ERROR:process_memory_win.cc(73)] ReadMemory at 0x7ff9188e0000 of 64 bytes failed: Only part of a ReadProcessMemory or WriteProcessMemory request was completed. (0x12B)
[0911/101207.794:WARNING:pe_image_reader.cc(340)] could not read dos header from C:\WINDOWS\SYSTEM32\CRYPTBASE.DLL
[0911/101207.794:ERROR:process_memory_win.cc(73)] ReadMemory at 0x7ff918f20000 of 64 bytes failed: Only part of a ReadProcessMemory or WriteProcessMemory request was completed. (0x12B)
[0911/101207.794:WARNING:pe_image_reader.cc(340)] could not read dos header from C:\WINDOWS\System32\profapi.dll
[0911/101207.794:ERROR:process_memory_win.cc(73)] ReadMemory at 0x7ff645610000 of 64 bytes failed: Only part of a ReadProcessMemory or WriteProcessMemory request was completed. (0x12B)
[0911/101207.794:WARNING:pe_image_reader.cc(340)] could not read dos header from C:\Program Files (x86)\Microsoft\Edge\Application\msedge.exe
[0911/101207.794:ERROR:process_memory_win.cc(73)] ReadMemory at 0x7ff91b890000 of 64 bytes failed: Only part of a ReadProcessMemory or WriteProcessMemory request was completed. (0x12B)
[0911/101207.794:WARNING:pe_image_reader.cc(340)] could not read dos header from C:\WINDOWS\SYSTEM32\ntdll.dll
[0911/101207.794:ERROR:process_memory_win.cc(73)] ReadMemory at 0x7ff9199e0000 of 64 bytes failed: Only part of a ReadProcessMemory or WriteProcessMemory request was completed. (0x12B)
[0911/101207.794:WARNING:pe_image_reader.cc(340)] could not read dos header from C:\WINDOWS\System32\KERNEL32.DLL
[0911/101207.794:ERROR:process_memory_win.cc(73)] ReadMemory at 0x7ff919460000 of 64 bytes failed: Only part of a ReadProcessMemory or WriteProcessMemory request was completed. (0x12B)
[0911/101207.794:WARNING:pe_image_reader.cc(340)] could not read dos header from C:\WINDOWS\System32\KERNELBASE.dll
[0911/101207.794:ERROR:process_memory_win.cc(73)] ReadMemory at 0x7ff8eed70000 of 64 bytes failed: Only part of a ReadProcessMemory or WriteProcessMemory request was completed. (0x12B)
[0911/101207.794:WARNING:pe_image_reader.cc(340)] could not read dos header from C:\Program Files (x86)\Microsoft\Edge\Application\85.0.564.44\msedge_elf.dll
[0911/101207.794:ERROR:process_memory_win.cc(73)] ReadMemory at 0x7ff91a700000 of 64 bytes failed: Only part of a ReadProcessMemory or WriteProcessMemory request was completed. (0x12B)
[0911/101207.794:WARNING:pe_image_reader.cc(340)] could not read dos header from C:\WINDOWS\System32\ADVAPI32.dll
[0911/101207.794:ERROR:process_memory_win.cc(73)] ReadMemory at 0x7ff91b500000 of 64 bytes failed: Only part of a ReadProcessMemory or WriteProcessMemory request was completed. (0x12B)
[0911/101207.794:WARNING:pe_image_reader.cc(340)] could not read dos header from C:\WINDOWS\System32\msvcrt.dll
[0911/101207.794:ERROR:process_memory_win.cc(73)] ReadMemory at 0x7ff91b020000 of 64 bytes failed: Only part of a ReadProcessMemory or WriteProcessMemory request was completed. (0x12B)
[0911/101207.794:WARNING:pe_image_reader.cc(340)] could not read dos header from C:\WINDOWS\System32\sechost.dll
[0911/101207.794:ERROR:process_memory_win.cc(73)] ReadMemory at 0x7ff91ab00000 of 64 bytes failed: Only part of a ReadProcessMemory or WriteProcessMemory request was completed. (0x12B)
[0911/101207.794:WARNING:pe_image_reader.cc(340)] could not read dos header from C:\WINDOWS\System32\RPCRT4.dll
[0911/101207.794:ERROR:process_memory_win.cc(73)] ReadMemory at 0x7ff8ad4c0000 of 64 bytes failed: Only part of a ReadProcessMemory or WriteProcessMemory request was completed. (0x12B)
[0911/101207.794:WARNING:pe_image_reader.cc(340)] could not read dos header from C:\Program Files (x86)\Microsoft\Edge\Application\85.0.564.44\msedge.dll
[0911/101207.794:ERROR:process_memory_win.cc(73)] ReadMemory at 0x7ff91aa90000 of 64 bytes failed: Only part of a ReadProcessMemory or WriteProcessMemory request was completed. (0x12B)
[0911/101207.794:WARNING:pe_image_reader.cc(340)] could not read dos header from C:\WINDOWS\System32\WS2_32.dll
[0911/101207.794:ERROR:process_memory_win.cc(73)] ReadMemory at 0x7ff91b0c0000 of 64 bytes failed: Only part of a ReadProcessMemory or WriteProcessMemory request was completed. (0x12B)
[0911/101207.794:WARNING:pe_image_reader.cc(340)] could not read dos header from C:\WINDOWS\System32\OLEAUT32.dll
[0911/101207.794:ERROR:process_memory_win.cc(73)] ReadMemory at 0x7ff919010000 of 64 bytes failed: Only part of a ReadProcessMemory or WriteProcessMemory request was completed. (0x12B)
[0911/101207.794:WARNING:pe_image_reader.cc(340)] could not read dos header from C:\WINDOWS\System32\msvcp_win.dll
[0911/101207.794:ERROR:process_memory_win.cc(73)] ReadMemory at 0x7ff919730000 of 64 bytes failed: Only part of a ReadProcessMemory or WriteProcessMemory request was completed. (0x12B)
[0911/101207.794:WARNING:pe_image_reader.cc(340)] could not read dos header from C:\WINDOWS\System32\ucrtbase.dll
[0911/101207.794:ERROR:process_memory_win.cc(73)] ReadMemory at 0x7ff91acc0000 of 64 bytes failed: Only part of a ReadProcessMemory or WriteProcessMemory request was completed. (0x12B)
[0911/101207.794:WARNING:pe_image_reader.cc(340)] could not read dos header from C:\WINDOWS\System32\combase.dll
[0911/101207.794:ERROR:process_memory_win.cc(73)] ReadMemory at 0x7ff919400000 of 64 bytes failed: Only part of a ReadProcessMemory or WriteProcessMemory request was completed. (0x12B)
[0911/101207.794:WARNING:pe_image_reader.cc(340)] could not read dos header from C:\WINDOWS\System32\WINTRUST.dll
[0911/101207.795:ERROR:process_memory_win.cc(73)] ReadMemory at 0x7ff919160000 of 64 bytes failed: Only part of a ReadProcessMemory or WriteProcessMemory request was completed. (0x12B)
[0911/101207.795:WARNING:pe_image_reader.cc(340)] could not read dos header from C:\WINDOWS\System32\CRYPT32.dll
[0911/101207.795:ERROR:process_memory_win.cc(73)] ReadMemory at 0x7ff918400000 of 64 bytes failed: Only part of a ReadProcessMemory or WriteProcessMemory request was completed. (0x12B)
[0911/101207.795:WARNING:pe_image_reader.cc(340)] could not read dos header from C:\WINDOWS\SYSTEM32\IPHLPAPI.DLL
[0911/101207.795:ERROR:process_memory_win.cc(73)] ReadMemory at 0x7ff90f030000 of 64 bytes failed: Only part of a ReadProcessMemory or WriteProcessMemory request was completed. (0x12B)
[0911/101207.795:WARNING:pe_image_reader.cc(340)] could not read dos header from C:\WINDOWS\SYSTEM32\WINMM.dll
[0911/101207.795:ERROR:process_memory_win.cc(73)] ReadMemory at 0x7ff8e5d40000 of 64 bytes failed: Only part of a ReadProcessMemory or WriteProcessMemory request was completed. (0x12B)
[0911/101207.795:WARNING:pe_image_reader.cc(340)] could not read dos header from C:\WINDOWS\SYSTEM32\UIAutomationCore.DLL
[0911/101207.795:ERROR:process_memory_win.cc(73)] ReadMemory at 0x7ff90e9e0000 of 64 bytes failed: Only part of a ReadProcessMemory or WriteProcessMemory request was completed. (0x12B)
[0911/101207.795:WARNING:pe_image_reader.cc(340)] could not read dos header from C:\WINDOWS\SYSTEM32\Secur32.dll
[0911/101207.795:ERROR:process_memory_win.cc(73)] ReadMemory at 0x7ff918ee0000 of 64 bytes failed: Only part of a ReadProcessMemory or WriteProcessMemory request was completed. (0x12B)
[0911/101207.795:WARNING:pe_image_reader.cc(340)] could not read dos header from C:\WINDOWS\SYSTEM32\USERENV.dll
[0911/101207.795:ERROR:process_memory_win.cc(73)] ReadMemory at 0x7ff90f8d0000 of 64 bytes failed: Only part of a ReadProcessMemory or WriteProcessMemory request was completed. (0x12B)
[0911/101207.795:WARNING:pe_image_reader.cc(340)] could not read dos header from C:\WINDOWS\SYSTEM32\WINHTTP.dll
[0911/101207.795:ERROR:process_memory_win.cc(73)] ReadMemory at 0x7ff8f04a0000 of 64 bytes failed: Only part of a ReadProcessMemory or WriteProcessMemory request was completed. (0x12B)
[0911/101207.795:WARNING:pe_image_reader.cc(340)] could not read dos header from C:\WINDOWS\SYSTEM32\DWrite.dll
[0911/101207.795:ERROR:process_memory_win.cc(73)] ReadMemory at 0x7ff9035a0000 of 64 bytes failed: Only part of a ReadProcessMemory or WriteProcessMemory request was completed. (0x12B)
[0911/101207.795:WARNING:pe_image_reader.cc(340)] could not read dos header from C:\WINDOWS\SYSTEM32\WINSPOOL.DRV
[0911/101207.795:ERROR:process_memory_win.cc(73)] ReadMemory at 0x7ff903990000 of 64 bytes failed: Only part of a ReadProcessMemory or WriteProcessMemory request was completed. (0x12B)
[0911/101207.795:WARNING:pe_image_reader.cc(340)] could not read dos header from C:\WINDOWS\SYSTEM32\dbghelp.dll
[0911/101207.795:ERROR:process_memory_win.cc(73)] ReadMemory at 0x7ff918a00000 of 64 bytes failed: Only part of a ReadProcessMemory or WriteProcessMemory request was completed. (0x12B)
[0911/101207.795:WARNING:pe_image_reader.cc(340)] could not read dos header from C:\WINDOWS\SYSTEM32\ncrypt.dll
[0911/101207.795:ERROR:process_memory_win.cc(73)] ReadMemory at 0x7ff912510000 of 64 bytes failed: Only part of a ReadProcessMemory or WriteProcessMemory request was completed. (0x12B)
[0911/101207.795:WARNING:pe_image_reader.cc(340)] could not read dos header from C:\WINDOWS\SYSTEM32\dhcpcsvc.DLL
[0911/101207.795:ERROR:process_memory_win.cc(73)] ReadMemory at 0x7ff915e40000 of 64 bytes failed: Only part of a ReadProcessMemory or WriteProcessMemory request was completed. (0x12B)
[0911/101207.795:WARNING:pe_image_reader.cc(340)] could not read dos header from C:\WINDOWS\SYSTEM32\PROPSYS.dll
[0911/101207.795:ERROR:process_memory_win.cc(73)] ReadMemory at 0x7ff918ea0000 of 64 bytes failed: Only part of a ReadProcessMemory or WriteProcessMemory request was completed. (0x12B)
[0911/101207.795:WARNING:pe_image_reader.cc(340)] could not read dos header from C:\WINDOWS\SYSTEM32\SSPICLI.DLL
[0911/101207.795:ERROR:process_memory_win.cc(73)] ReadMemory at 0x7ff918fe0000 of 64 bytes failed: Only part of a ReadProcessMemory or WriteProcessMemory request was completed. (0x12B)
[0911/101207.795:WARNING:pe_image_reader.cc(340)] could not read dos header from C:\WINDOWS\System32\BCRYPT.DLL
[0911/101207.795:ERROR:process_memory_win.cc(73)] ReadMemory at 0x7ff918b10000 of 64 bytes failed: Only part of a ReadProcessMemory or WriteProcessMemory request was completed. (0x12B)
[0911/101207.795:WARNING:pe_image_reader.cc(340)] could not read dos header from C:\WINDOWS\System32\MSASN1.dll
[0911/101207.795:ERROR:process_memory_win.cc(73)] ReadMemory at 0x7ff919830000 of 64 bytes failed: Only part of a ReadProcessMemory or WriteProcessMemory request was completed. (0x12B)
[0911/101207.795:WARNING:pe_image_reader.cc(340)] could not read dos header from C:\WINDOWS\System32\bcryptPrimitives.dll
[0911/101207.795:ERROR:process_memory_win.cc(73)] ReadMemory at 0x7ff9189c0000 of 64 bytes failed: Only part of a ReadProcessMemory or WriteProcessMemory request was completed. (0x12B)
[0911/101207.795:WARNING:pe_image_reader.cc(340)] could not read dos header from C:\WINDOWS\SYSTEM32\NTASN1.dll
[0911/101207.795:ERROR:process_memory_win.cc(73)] ReadMemory at 0x7ff9188e0000 of 64 bytes failed: Only part of a ReadProcessMemory or WriteProcessMemory request was completed. (0x12B)
[0911/101207.795:WARNING:pe_image_reader.cc(340)] could not read dos header from C:\WINDOWS\SYSTEM32\CRYPTBASE.DLL
[0911/101207.795:ERROR:process_memory_win.cc(73)] ReadMemory at 0x7ff918f20000 of 64 bytes failed: Only part of a ReadProcessMemory or WriteProcessMemory request was completed. (0x12B)
[0911/101207.795:WARNING:pe_image_reader.cc(340)] could not read dos header from C:\WINDOWS\System32\profapi.dll
[0911/101207.800:ERROR:process_memory_win.cc(73)] ReadMemory at 0xaa67be2000 of 122880 bytes failed: Only part of a ReadProcessMemory or WriteProcessMemory request was completed. (0x12B)
[0911/101207.801:ERROR:process_memory_win.cc(73)] ReadMemory at 0xaa683fe000 of 8192 bytes failed: Only part of a ReadProcessMemory or WriteProcessMemory request was completed. (0x12B)
[0911/101207.801:ERROR:process_memory_win.cc(73)] ReadMemory at 0xaa68bfd000 of 12288 bytes failed: Only part of a ReadProcessMemory or WriteProcessMemory request was completed. (0x12B)
[0911/101207.801:ERROR:process_memory_win.cc(73)] ReadMemory at 0xaa69bfc000 of 16384 bytes failed: Only part of a ReadProcessMemory or WriteProcessMemory request was completed. (0x12B)
[0911/101207.801:ERROR:process_memory_win.cc(73)] ReadMemory at 0xaa6a3fc000 of 16384 bytes failed: Only part of a ReadProcessMemory or WriteProcessMemory request was completed. (0x12B)
[0911/101207.801:ERROR:process_memory_win.cc(73)] ReadMemory at 0xaa6abfd000 of 12288 bytes failed: Only part of a ReadProcessMemory or WriteProcessMemory request was completed. (0x12B)
[0911/101207.801:ERROR:process_memory_win.cc(73)] ReadMemory at 0xaa6b3fc000 of 16384 bytes failed: Only part of a ReadProcessMemory or WriteProcessMemory request was completed. (0x12B)
[0911/101207.801:ERROR:process_memory_win.cc(73)] ReadMemory at 0xaa6c3fd000 of 12288 bytes failed: Only part of a ReadProcessMemory or WriteProcessMemory request was completed. (0x12B)
[0911/101207.801:ERROR:process_memory_win.cc(73)] ReadMemory at 0xaa6cbf8000 of 32768 bytes failed: Only part of a ReadProcessMemory or WriteProcessMemory request was completed. (0x12B)
[0911/101207.801:ERROR:process_memory_win.cc(73)] ReadMemory at 0xaa6d3f8000 of 32768 bytes failed: Only part of a ReadProcessMemory or WriteProcessMemory request was completed. (0x12B)
[0911/101207.801:ERROR:process_memory_win.cc(73)] ReadMemory at 0xaa6dbf5000 of 45056 bytes failed: Only part of a ReadProcessMemory or WriteProcessMemory request was completed. (0x12B)
[0911/101207.801:ERROR:process_memory_win.cc(73)] ReadMemory at 0xaa6e3fa000 of 24576 bytes failed: Only part of a ReadProcessMemory or WriteProcessMemory request was completed. (0x12B)
[0911/101207.801:ERROR:process_memory_win.cc(73)] ReadMemory at 0xaa6ebfd000 of 12288 bytes failed: Only part of a ReadProcessMemory or WriteProcessMemory request was completed. (0x12B)
[0911/101207.801:ERROR:process_memory_win.cc(73)] ReadMemory at 0xaa6f3fd000 of 12288 bytes failed: Only part of a ReadProcessMemory or WriteProcessMemory request was completed. (0x12B)
[0911/101207.801:ERROR:process_memory_win.cc(73)] ReadMemory at 0xaa6fbfd000 of 12288 bytes failed: Only part of a ReadProcessMemory or WriteProcessMemory request was completed. (0x12B)
[0911/101207.801:ERROR:process_memory_win.cc(73)] ReadMemory at 0xaa70bfd000 of 12288 bytes failed: Only part of a ReadProcessMemory or WriteProcessMemory request was completed. (0x12B)
[0911/101207.802:ERROR:process_memory_win.cc(73)] ReadMemory at 0xaa693fe000 of 8192 bytes failed: Only part of a ReadProcessMemory or WriteProcessMemory request was completed. (0x12B)
[0911/101207.802:ERROR:process_memory_win.cc(73)] ReadMemory at 0xaa67367000 of 852 bytes failed: Only part of a ReadProcessMemory or WriteProcessMemory request was completed. (0x12B)
[0911/101207.802:ERROR:process_memory_win.cc(73)] ReadMemory at 0xaa67368000 of 6024 bytes failed: Only part of a ReadProcessMemory or WriteProcessMemory request was completed. (0x12B)
[0911/101207.802:ERROR:process_memory_win.cc(73)] ReadMemory at 0xaa6736a000 of 6024 bytes failed: Only part of a ReadProcessMemory or WriteProcessMemory request was completed. (0x12B)
[0911/101207.802:ERROR:process_memory_win.cc(73)] ReadMemory at 0xaa6736c000 of 6024 bytes failed: Only part of a ReadProcessMemory or WriteProcessMemory request was completed. (0x12B)
[0911/101207.802:ERROR:process_memory_win.cc(73)] ReadMemory at 0xaa67370000 of 6024 bytes failed: Only part of a ReadProcessMemory or WriteProcessMemory request was completed. (0x12B)
[0911/101207.802:ERROR:process_memory_win.cc(73)] ReadMemory at 0xaa67372000 of 6024 bytes failed: Only part of a ReadProcessMemory or WriteProcessMemory request was completed. (0x12B)
[0911/101207.802:ERROR:process_memory_win.cc(73)] ReadMemory at 0xaa67374000 of 6024 bytes failed: Only part of a ReadProcessMemory or WriteProcessMemory request was completed. (0x12B)
[0911/101207.802:ERROR:process_memory_win.cc(73)] ReadMemory at 0xaa67376000 of 6024 bytes failed: Only part of a ReadProcessMemory or WriteProcessMemory request was completed. (0x12B)
[0911/101207.802:ERROR:process_memory_win.cc(73)] ReadMemory at 0xaa6737a000 of 6024 bytes failed: Only part of a ReadProcessMemory or WriteProcessMemory request was completed. (0x12B)
[0911/101207.802:ERROR:process_memory_win.cc(73)] ReadMemory at 0xaa6737c000 of 6024 bytes failed: Only part of a ReadProcessMemory or WriteProcessMemory request was completed. (0x12B)
[0911/101207.802:ERROR:process_memory_win.cc(73)] ReadMemory at 0xaa6737e000 of 6024 bytes failed: Only part of a ReadProcessMemory or WriteProcessMemory request was completed. (0x12B)
[0911/101207.802:ERROR:process_memory_win.cc(73)] ReadMemory at 0xaa67380000 of 6024 bytes failed: Only part of a ReadProcessMemory or WriteProcessMemory request was completed. (0x12B)
[0911/101207.802:ERROR:process_memory_win.cc(73)] ReadMemory at 0xaa67382000 of 6024 bytes failed: Only part of a ReadProcessMemory or WriteProcessMemory request was completed. (0x12B)
[0911/101207.802:ERROR:process_memory_win.cc(73)] ReadMemory at 0xaa67384000 of 6024 bytes failed: Only part of a ReadProcessMemory or WriteProcessMemory request was completed. (0x12B)
[0911/101207.802:ERROR:process_memory_win.cc(73)] ReadMemory at 0xaa67386000 of 6024 bytes failed: Only part of a ReadProcessMemory or WriteProcessMemory request was completed. (0x12B)
[0911/101207.802:ERROR:process_memory_win.cc(73)] ReadMemory at 0xaa67398000 of 6024 bytes failed: Only part of a ReadProcessMemory or WriteProcessMemory request was completed. (0x12B)
[0911/101207.802:ERROR:process_memory_win.cc(73)] ReadMemory at 0xaa673a0000 of 6024 bytes failed: Only part of a ReadProcessMemory or WriteProcessMemory request was completed. (0x12B)
[0911/101207.803:ERROR:process_memory_win.cc(73)] ReadMemory at 0xaa673a6000 of 6024 bytes failed: Only part of a ReadProcessMemory or WriteProcessMemory request was completed. (0x12B)
[0911/101207.803:ERROR:process_memory_win.cc(73)] ReadMemory at 0x257c6fd0210 of 512 bytes failed: Only part of a ReadProcessMemory or WriteProcessMemory request was completed. (0x12B)
[0911/101207.803:ERROR:process_memory_win.cc(73)] ReadMemory at 0x257c6fd1158 of 512 bytes failed: Only part of a ReadProcessMemory or WriteProcessMemory request was completed. (0x12B)
[0911/101207.803:ERROR:process_memory_win.cc(73)] ReadMemory at 0x257c6ff02c0 of 40 bytes failed: Only part of a ReadProcessMemory or WriteProcessMemory request was completed. (0x12B)
[0911/101207.803:ERROR:process_memory_win.cc(73)] ReadMemory at 0x257c70027f0 of 19294 bytes failed: Only part of a ReadProcessMemory or WriteProcessMemory request was completed. (0x12B)
[0911/101207.803:ERROR:process_memory_win.cc(73)] ReadMemory at 0x257c7007360 of 1012 bytes failed: Only part of a ReadProcessMemory or WriteProcessMemory request was completed. (0x12B)
[0911/101207.803:ERROR:process_memory_win.cc(73)] ReadMemory at 0x257c70079a8 of 120 bytes failed: Only part of a ReadProcessMemory or WriteProcessMemory request was completed. (0x12B)
[0911/101207.803:ERROR:process_memory_win.cc(73)] ReadMemory at 0x257c7007a22 of 764 bytes failed: Only part of a ReadProcessMemory or WriteProcessMemory request was completed. (0x12B)
[0911/101207.803:ERROR:process_memory_win.cc(73)] ReadMemory at 0x257c7007d20 of 120 bytes failed: Only part of a ReadProcessMemory or WriteProcessMemory request was completed. (0x12B)
[0911/101207.803:ERROR:process_memory_win.cc(73)] ReadMemory at 0x257c7007d9a of 102 bytes failed: Only part of a ReadProcessMemory or WriteProcessMemory request was completed. (0x12B)
[0911/101207.803:ERROR:process_memory_win.cc(73)] ReadMemory at 0x257c7007e20 of 58 bytes failed: Only part of a ReadProcessMemory or WriteProcessMemory request was completed. (0x12B)
[0911/101207.803:ERROR:process_memory_win.cc(73)] ReadMemory at 0x257c7007f30 of 132 bytes failed: Only part of a ReadProcessMemory or WriteProcessMemory request was completed. (0x12B)
[0911/101207.803:ERROR:process_memory_win.cc(73)] ReadMemory at 0x257c70080c0 of 132 bytes failed: Only part of a ReadProcessMemory or WriteProcessMemory request was completed. (0x12B)
[0911/101207.803:ERROR:process_memory_win.cc(73)] ReadMemory at 0x257c70086a0 of 132 bytes failed: Only part of a ReadProcessMemory or WriteProcessMemory request was completed. (0x12B)
[0911/101207.803:ERROR:process_memory_win.cc(73)] ReadMemory at 0x257c7008830 of 64 bytes failed: Only part of a ReadProcessMemory or WriteProcessMemory request was completed. (0x12B)
[0911/101207.803:ERROR:process_memory_win.cc(73)] ReadMemory at 0x257c7008a00 of 132 bytes failed: Only part of a ReadProcessMemory or WriteProcessMemory request was completed. (0x12B)
[0911/101207.803:ERROR:process_memory_win.cc(73)] ReadMemory at 0x257c7008cc0 of 132 bytes failed: Only part of a ReadProcessMemory or WriteProcessMemory request was completed. (0x12B)
[0911/101207.803:ERROR:process_memory_win.cc(73)] ReadMemory at 0x257c7008e50 of 68 bytes failed: Only part of a ReadProcessMemory or WriteProcessMemory request was completed. (0x12B)
[0911/101207.803:ERROR:process_memory_win.cc(73)] ReadMemory at 0x257c7009e70 of 152 bytes failed: Only part of a ReadProcessMemory or WriteProcessMemory request was completed. (0x12B)
[0911/101207.803:ERROR:process_memory_win.cc(73)] ReadMemory at 0x257c7013aa0 of 64 bytes failed: Only part of a ReadProcessMemory or WriteProcessMemory request was completed. (0x12B)
[0911/101207.803:ERROR:process_memory_win.cc(73)] ReadMemory at 0x257c7013e10 of 64 bytes failed: Only part of a ReadProcessMemory or WriteProcessMemory request was completed. (0x12B)
[0911/101207.803:ERROR:process_memory_win.cc(73)] ReadMemory at 0x257c7013fa0 of 64 bytes failed: Only part of a ReadProcessMemory or WriteProcessMemory request was completed. (0x12B)
[0911/101207.803:ERROR:process_memory_win.cc(73)] ReadMemory at 0x257c701d440 of 132 bytes failed: Only part of a ReadProcessMemory or WriteProcessMemory request was completed. (0x12B)
[0911/101207.804:ERROR:process_memory_win.cc(73)] ReadMemory at 0x257c701d720 of 132 bytes failed: Only part of a ReadProcessMemory or WriteProcessMemory request was completed. (0x12B)
[0911/101207.804:ERROR:process_memory_win.cc(73)] ReadMemory at 0x257c701f7b0 of 132 bytes failed: Only part of a ReadProcessMemory or WriteProcessMemory request was completed. (0x12B)
[0911/101207.804:ERROR:process_memory_win.cc(73)] ReadMemory at 0x257c701f9d0 of 132 bytes failed: Only part of a ReadProcessMemory or WriteProcessMemory request was completed. (0x12B)
[0911/101207.804:ERROR:process_memory_win.cc(73)] ReadMemory at 0x257c701fd30 of 132 bytes failed: Only part of a ReadProcessMemory or WriteProcessMemory request was completed. (0x12B)
[0911/101207.804:ERROR:process_memory_win.cc(73)] ReadMemory at 0x257c7020070 of 132 bytes failed: Only part of a ReadProcessMemory or WriteProcessMemory request was completed. (0x12B)
[0911/101207.804:ERROR:process_memory_win.cc(73)] ReadMemory at 0x257c7020370 of 132 bytes failed: Only part of a ReadProcessMemory or WriteProcessMemory request was completed. (0x12B)
[0911/101207.804:ERROR:process_memory_win.cc(73)] ReadMemory at 0x257c7021390 of 132 bytes failed: Only part of a ReadProcessMemory or WriteProcessMemory request was completed. (0x12B)
[0911/101207.804:ERROR:process_memory_win.cc(73)] ReadMemory at 0x257c70214c0 of 132 bytes failed: Only part of a ReadProcessMemory or WriteProcessMemory request was completed. (0x12B)
[0911/101207.804:ERROR:process_memory_win.cc(73)] ReadMemory at 0x257c7023e70 of 512 bytes failed: Only part of a ReadProcessMemory or WriteProcessMemory request was completed. (0x12B)
[0911/101207.804:ERROR:process_memory_win.cc(73)] ReadMemory at 0x257c7028ac0 of 132 bytes failed: Only part of a ReadProcessMemory or WriteProcessMemory request was completed. (0x12B)
[0911/101207.804:ERROR:process_memory_win.cc(73)] ReadMemory at 0x257c7028bf0 of 132 bytes failed: Only part of a ReadProcessMemory or WriteProcessMemory request was completed. (0x12B)
[0911/101207.804:ERROR:process_memory_win.cc(73)] ReadMemory at 0x257c702c0d0 of 60 bytes failed: Only part of a ReadProcessMemory or WriteProcessMemory request was completed. (0x12B)
[0911/101207.804:ERROR:process_memory_win.cc(73)] ReadMemory at 0x257c702c310 of 60 bytes failed: Only part of a ReadProcessMemory or WriteProcessMemory request was completed. (0x12B)
[0911/101207.804:ERROR:process_memory_win.cc(73)] ReadMemory at 0x257c702c350 of 62 bytes failed: Only part of a ReadProcessMemory or WriteProcessMemory request was completed. (0x12B)
[0911/101207.804:ERROR:process_memory_win.cc(73)] ReadMemory at 0x257c702e110 of 80 bytes failed: Only part of a ReadProcessMemory or WriteProcessMemory request was completed. (0x12B)
[0911/101207.804:ERROR:process_memory_win.cc(73)] ReadMemory at 0x257c702e170 of 40 bytes failed: Only part of a ReadProcessMemory or WriteProcessMemory request was completed. (0x12B)
[0911/101207.804:ERROR:process_memory_win.cc(73)] ReadMemory at 0x257c702ebf0 of 80 bytes failed: Only part of a ReadProcessMemory or WriteProcessMemory request was completed. (0x12B)
[0911/101207.804:ERROR:process_memory_win.cc(73)] ReadMemory at 0x257c7032050 of 64 bytes failed: Only part of a ReadProcessMemory or WriteProcessMemory request was completed. (0x12B)
[0911/101207.804:ERROR:process_memory_win.cc(73)] ReadMemory at 0x257c7032a50 of 66 bytes failed: Only part of a ReadProcessMemory or WriteProcessMemory request was completed. (0x12B)
[0911/101207.804:ERROR:process_memory_win.cc(73)] ReadMemory at 0x257c7032aa0 of 64 bytes failed: Only part of a ReadProcessMemory or WriteProcessMemory request was completed. (0x12B)
[0911/101207.804:ERROR:process_memory_win.cc(73)] ReadMemory at 0x257c7032af0 of 64 bytes failed: Only part of a ReadProcessMemory or WriteProcessMemory request was completed. (0x12B)
[0911/101207.804:ERROR:process_memory_win.cc(73)] ReadMemory at 0x257c7032f50 of 64 bytes failed: Only part of a ReadProcessMemory or WriteProcessMemory request was completed. (0x12B)
[0911/101207.804:ERROR:process_memory_win.cc(73)] ReadMemory at 0x257c7034540 of 144 bytes failed: Only part of a ReadProcessMemory or WriteProcessMemory request was completed. (0x12B)
[0911/101207.804:ERROR:process_memory_win.cc(73)] ReadMemory at 0x257c7035090 of 62 bytes failed: Only part of a ReadProcessMemory or WriteProcessMemory request was completed. (0x12B)
[0911/101207.804:ERROR:process_memory_win.cc(73)] ReadMemory at 0x257c70350d0 of 62 bytes failed: Only part of a ReadProcessMemory or WriteProcessMemory request was completed. (0x12B)
[0911/101207.805:ERROR:process_memory_win.cc(73)] ReadMemory at 0x257c7035110 of 58 bytes failed: Only part of a ReadProcessMemory or WriteProcessMemory request was completed. (0x12B)
[0911/101207.805:ERROR:process_memory_win.cc(73)] ReadMemory at 0x257c7035190 of 62 bytes failed: Only part of a ReadProcessMemory or WriteProcessMemory request was completed. (0x12B)
[0911/101207.805:ERROR:process_memory_win.cc(73)] ReadMemory at 0x257c70352d0 of 60 bytes failed: Only part of a ReadProcessMemory or WriteProcessMemory request was completed. (0x12B)
[0911/101207.805:ERROR:process_memory_win.cc(73)] ReadMemory at 0x257c7035310 of 60 bytes failed: Only part of a ReadProcessMemory or WriteProcessMemory request was completed. (0x12B)
[0911/101207.805:ERROR:process_memory_win.cc(73)] ReadMemory at 0x257c70354d0 of 62 bytes failed: Only part of a ReadProcessMemory or WriteProcessMemory request was completed. (0x12B)
[0911/101207.805:ERROR:process_memory_win.cc(73)] ReadMemory at 0x257c7035510 of 62 bytes failed: Only part of a ReadProcessMemory or WriteProcessMemory request was completed. (0x12B)
[0911/101207.805:ERROR:process_memory_win.cc(73)] ReadMemory at 0x257c7035550 of 60 bytes failed: Only part of a ReadProcessMemory or WriteProcessMemory request was completed. (0x12B)
[0911/101207.805:ERROR:process_memory_win.cc(73)] ReadMemory at 0x257c7035590 of 62 bytes failed: Only part of a ReadProcessMemory or WriteProcessMemory request was completed. (0x12B)
[0911/101207.805:ERROR:process_memory_win.cc(73)] ReadMemory at 0x257c70355d0 of 62 bytes failed: Only part of a ReadProcessMemory or WriteProcessMemory request was completed. (0x12B)
[0911/101207.805:ERROR:process_memory_win.cc(73)] ReadMemory at 0x257c7035610 of 60 bytes failed: Only part of a ReadProcessMemory or WriteProcessMemory request was completed. (0x12B)
[0911/101207.805:ERROR:process_memory_win.cc(73)] ReadMemory at 0x257c7035750 of 62 bytes failed: Only part of a ReadProcessMemory or WriteProcessMemory request was completed. (0x12B)
[0911/101207.805:ERROR:process_memory_win.cc(73)] ReadMemory at 0x257c7036040 of 132 bytes failed: Only part of a ReadProcessMemory or WriteProcessMemory request was completed. (0x12B)
[0911/101207.805:ERROR:process_memory_win.cc(73)] ReadMemory at 0x257c7036160 of 132 bytes failed: Only part of a ReadProcessMemory or WriteProcessMemory request was completed. (0x12B)
[0911/101207.805:ERROR:process_memory_win.cc(73)] ReadMemory at 0x257c7036280 of 132 bytes failed: Only part of a ReadProcessMemory or WriteProcessMemory request was completed. (0x12B)
[0911/101207.805:ERROR:process_memory_win.cc(73)] ReadMemory at 0x257c70363a0 of 132 bytes failed: Only part of a ReadProcessMemory or WriteProcessMemory request was completed. (0x12B)
[0911/101207.805:ERROR:process_memory_win.cc(73)] ReadMemory at 0x257c70364c0 of 132 bytes failed: Only part of a ReadProcessMemory or WriteProcessMemory request was completed. (0x12B)
[0911/101207.805:ERROR:process_memory_win.cc(73)] ReadMemory at 0x257c70365e0 of 132 bytes failed: Only part of a ReadProcessMemory or WriteProcessMemory request was completed. (0x12B)
[0911/101207.805:ERROR:process_memory_win.cc(73)] ReadMemory at 0x257c7036700 of 132 bytes failed: Only part of a ReadProcessMemory or WriteProcessMemory request was completed. (0x12B)
[0911/101207.805:ERROR:process_memory_win.cc(73)] ReadMemory at 0x257c7036820 of 132 bytes failed: Only part of a ReadProcessMemory or WriteProcessMemory request was completed. (0x12B)
[0911/101207.805:ERROR:process_memory_win.cc(73)] ReadMemory at 0x257c7036940 of 132 bytes failed: Only part of a ReadProcessMemory or WriteProcessMemory request was completed. (0x12B)
[0911/101207.806:ERROR:process_memory_win.cc(73)] ReadMemory at 0x257c7036a60 of 132 bytes failed: Only part of a ReadProcessMemory or WriteProcessMemory request was completed. (0x12B)
[0911/101207.806:ERROR:process_memory_win.cc(73)] ReadMemory at 0x257c7036b80 of 132 bytes failed: Only part of a ReadProcessMemory or WriteProcessMemory request was completed. (0x12B)
[0911/101207.806:ERROR:process_memory_win.cc(73)] ReadMemory at 0x257c7036ca0 of 132 bytes failed: Only part of a ReadProcessMemory or WriteProcessMemory request was completed. (0x12B)
[0911/101207.806:ERROR:process_memory_win.cc(73)] ReadMemory at 0x257c7036ee0 of 132 bytes failed: Only part of a ReadProcessMemory or WriteProcessMemory request was completed. (0x12B)
[0911/101207.806:ERROR:process_memory_win.cc(73)] ReadMemory at 0x257c7038700 of 132 bytes failed: Only part of a ReadProcessMemory or WriteProcessMemory request was completed. (0x12B)
[0911/101207.806:ERROR:process_memory_win.cc(73)] ReadMemory at 0x257c7038940 of 132 bytes failed: Only part of a ReadProcessMemory or WriteProcessMemory request was completed. (0x12B)
[0911/101207.806:ERROR:process_memory_win.cc(73)] ReadMemory at 0x257c7038a60 of 132 bytes failed: Only part of a ReadProcessMemory or WriteProcessMemory request was completed. (0x12B)
[0911/101207.806:ERROR:process_memory_win.cc(73)] ReadMemory at 0x257c7039120 of 132 bytes failed: Only part of a ReadProcessMemory or WriteProcessMemory request was completed. (0x12B)
[0911/101207.806:ERROR:process_memory_win.cc(73)] ReadMemory at 0x257c7039900 of 132 bytes failed: Only part of a ReadProcessMemory or WriteProcessMemory request was completed. (0x12B)
[0911/101207.806:ERROR:process_memory_win.cc(73)] ReadMemory at 0x257c7039b40 of 132 bytes failed: Only part of a ReadProcessMemory or WriteProcessMemory request was completed. (0x12B)
[0911/101207.806:ERROR:process_memory_win.cc(73)] ReadMemory at 0x257c7043030 of 124 bytes failed: Only part of a ReadProcessMemory or WriteProcessMemory request was completed. (0x12B)
[0911/101207.806:ERROR:process_memory_win.cc(73)] ReadMemory at 0x257c7046f90 of 512 bytes failed: Only part of a ReadProcessMemory or WriteProcessMemory request was completed. (0x12B)
[0911/101207.806:ERROR:process_memory_win.cc(73)] ReadMemory at 0x257c704b7d0 of 66 bytes failed: Only part of a ReadProcessMemory or WriteProcessMemory request was completed. (0x12B)
[0911/101207.806:ERROR:process_memory_win.cc(73)] ReadMemory at 0x257c704f650 of 60 bytes failed: Only part of a ReadProcessMemory or WriteProcessMemory request was completed. (0x12B)
[0911/101207.806:ERROR:process_memory_win.cc(73)] ReadMemory at 0x257c704f7d0 of 60 bytes failed: Only part of a ReadProcessMemory or WriteProcessMemory request was completed. (0x12B)
[0911/101207.806:ERROR:process_memory_win.cc(73)] ReadMemory at 0x257c7085280 of 512 bytes failed: Only part of a ReadProcessMemory or WriteProcessMemory request was completed. (0x12B)
[0911/101207.806:ERROR:process_memory_win.cc(73)] ReadMemory at 0x257c70a3cf0 of 512 bytes failed: Only part of a ReadProcessMemory or WriteProcessMemory request was completed. (0x12B)
[0911/101207.806:ERROR:process_memory_win.cc(73)] ReadMemory at 0x257c70a7a20 of 512 bytes failed: Only part of a ReadProcessMemory or WriteProcessMemory request was completed. (0x12B)
[0911/101207.806:ERROR:process_memory_win.cc(73)] ReadMemory at 0x257c70a8c30 of 512 bytes failed: Only part of a ReadProcessMemory or WriteProcessMemory request was completed. (0x12B)
[0911/101207.806:ERROR:process_memory_win.cc(73)] ReadMemory at 0x257c70b3990 of 712 bytes failed: Only part of a ReadProcessMemory or WriteProcessMemory request was completed. (0x12B)
[0911/101207.807:ERROR:process_memory_win.cc(73)] ReadMemory at 0x257c70b5840 of 512 bytes failed: Only part of a ReadProcessMemory or WriteProcessMemory request was completed. (0x12B)
[0911/101207.807:ERROR:process_memory_win.cc(73)] ReadMemory at 0x257c72d02c0 of 40 bytes failed: Only part of a ReadProcessMemory or WriteProcessMemory request was completed. (0x12B)
[0911/101207.807:ERROR:process_memory_win.cc(73)] ReadMemory at 0x257c780ac90 of 896 bytes failed: Only part of a ReadProcessMemory or WriteProcessMemory request was completed. (0x12B)
[0911/101207.807:ERROR:process_memory_win.cc(73)] ReadMemory at 0x257c780b038 of 512 bytes failed: Only part of a ReadProcessMemory or WriteProcessMemory request was completed. (0x12B)
[0911/101207.807:ERROR:process_memory_win.cc(73)] ReadMemory at 0x257c785dc10 of 512 bytes failed: Only part of a ReadProcessMemory or WriteProcessMemory request was completed. (0x12B)
[0911/101207.807:ERROR:process_memory_win.cc(73)] ReadMemory at 0x257c793efd0 of 512 bytes failed: Only part of a ReadProcessMemory or WriteProcessMemory request was completed. (0x12B)
[0911/101207.807:ERROR:process_memory_win.cc(73)] ReadMemory at 0x257c7970180 of 512 bytes failed: Only part of a ReadProcessMemory or WriteProcessMemory request was completed. (0x12B)
[0911/101207.807:ERROR:process_memory_win.cc(73)] ReadMemory at 0x257c79d0970 of 512 bytes failed: Only part of a ReadProcessMemory or WriteProcessMemory request was completed. (0x12B)
[0911/101207.807:ERROR:process_memory_win.cc(73)] ReadMemory at 0x257c79f0910 of 512 bytes failed: Only part of a ReadProcessMemory or WriteProcessMemory request was completed. (0x12B)
[0911/101207.807:ERROR:process_memory_win.cc(73)] ReadMemory at 0x257c79f0f40 of 40 bytes failed: Only part of a ReadProcessMemory or WriteProcessMemory request was completed. (0x12B)
[0911/101207.807:ERROR:process_memory_win.cc(73)] ReadMemory at 0x257c949b890 of 512 bytes failed: Only part of a ReadProcessMemory or WriteProcessMemory request was completed. (0x12B)
[0911/101207.807:ERROR:process_memory_win.cc(73)] ReadMemory at 0x257c988cc81 of 512 bytes failed: Only part of a ReadProcessMemory or WriteProcessMemory request was completed. (0x12B)
[0911/101207.807:ERROR:process_memory_win.cc(73)] ReadMemory at 0x257c988cec8 of 512 bytes failed: Only part of a ReadProcessMemory or WriteProcessMemory request was completed. (0x12B)
[0911/101207.807:ERROR:process_memory_win.cc(73)] ReadMemory at 0x257c9b5de30 of 512 bytes failed: Only part of a ReadProcessMemory or WriteProcessMemory request was completed. (0x12B)
[0911/101207.807:ERROR:process_memory_win.cc(73)] ReadMemory at 0x257c9b86fc0 of 512 bytes failed: Only part of a ReadProcessMemory or WriteProcessMemory request was completed. (0x12B)
[0911/101207.807:ERROR:process_memory_win.cc(73)] ReadMemory at 0x257caeb46e4 of 512 bytes failed: Only part of a ReadProcessMemory or WriteProcessMemory request was completed. (0x12B)
[0911/101207.807:ERROR:process_memory_win.cc(73)] ReadMemory at 0x17ea1a5bbf80 of 512 bytes failed: Only part of a ReadProcessMemory or WriteProcessMemory request was completed. (0x12B)
[0911/101207.807:ERROR:process_memory_win.cc(73)] ReadMemory at 0x17ea1bfa3f80 of 128 bytes failed: Only part of a ReadProcessMemory or WriteProcessMemory request was completed. (0x12B)
[0911/101207.807:ERROR:process_memory_win.cc(73)] ReadMemory at 0x7ff8eedc9ce3 of 512 bytes failed: Only part of a ReadProcessMemory or WriteProcessMemory request was completed. (0x12B)
[0911/101207.807:ERROR:process_memory_win.cc(73)] ReadMemory at 0x7ff8eede6c94 of 512 bytes failed: Only part of a ReadProcessMemory or WriteProcessMemory request was completed. (0x12B)
[0911/101207.808:ERROR:process_memory_win.cc(73)] ReadMemory at 0x7ff8eee58e30 of 544 bytes failed: Only part of a ReadProcessMemory or WriteProcessMemory request was completed. (0x12B)
[0911/101207.808:ERROR:process_memory_win.cc(73)] ReadMemory at 0x7ff8eee5e3b0 of 40 bytes failed: Only part of a ReadProcessMemory or WriteProcessMemory request was completed. (0x12B)
[0911/101207.808:ERROR:process_memory_win.cc(73)] ReadMemory at 0x7ff8f04b536d of 512 bytes failed: Only part of a ReadProcessMemory or WriteProcessMemory request was completed. (0x12B)
[0911/101207.808:ERROR:process_memory_win.cc(73)] ReadMemory at 0x7ff918ecad30 of 40 bytes failed: Only part of a ReadProcessMemory or WriteProcessMemory request was completed. (0x12B)
[0911/101207.808:ERROR:process_memory_win.cc(73)] ReadMemory at 0x7ff9199f6f54 of 512 bytes failed: Only part of a ReadProcessMemory or WriteProcessMemory request was completed. (0x12B)
[0911/101207.808:ERROR:process_memory_win.cc(73)] ReadMemory at 0x7ff919a049f0 of 512 bytes failed: Only part of a ReadProcessMemory or WriteProcessMemory request was completed. (0x12B)
[0911/101207.808:ERROR:process_memory_win.cc(73)] ReadMemory at 0x7ff91b58f5b0 of 176 bytes failed: Only part of a ReadProcessMemory or WriteProcessMemory request was completed. (0x12B)
[0911/101207.808:ERROR:process_memory_win.cc(73)] ReadMemory at 0x7ff91b92bdc4 of 672 bytes failed: Only part of a ReadProcessMemory or WriteProcessMemory request was completed. (0x12B)
[0911/101207.808:ERROR:process_memory_win.cc(73)] ReadMemory at 0x7ff91b92f734 of 608 bytes failed: Only part of a ReadProcessMemory or WriteProcessMemory request was completed. (0x12B)
[0911/101207.808:ERROR:process_memory_win.cc(73)] ReadMemory at 0x7ff91b9c06e0 of 18 bytes failed: Only part of a ReadProcessMemory or WriteProcessMemory request was completed. (0x12B)
[0911/101207.808:ERROR:process_memory_win.cc(73)] ReadMemory at 0x7ff91b9f44f8 of 40 bytes failed: Only part of a ReadProcessMemory or WriteProcessMemory request was completed. (0x12B)
[0911/101207.808:ERROR:process_memory_win.cc(73)] ReadMemory at 0x7ff91b9f4560 of 48 bytes failed: Only part of a ReadProcessMemory or WriteProcessMemory request was completed. (0x12B)
[0911/101207.808:ERROR:process_memory_win.cc(73)] ReadMemory at 0x7ff91b9f4978 of 48 bytes failed: Only part of a ReadProcessMemory or WriteProcessMemory request was completed. (0x12B)
[0911/101207.808:ERROR:process_memory_win.cc(73)] ReadMemory at 0x7ff91b9f8ce0 of 40 bytes failed: Only part of a ReadProcessMemory or WriteProcessMemory request was completed. (0x12B)
[0911/101207.808:ERROR:process_memory_win.cc(73)] ReadMemory at 0x7ff91b9f8e40 of 192 bytes failed: Only part of a ReadProcessMemory or WriteProcessMemory request was completed. (0x12B)
[0911/101207.808:ERROR:process_memory_win.cc(73)] ReadMemory at 0x7ff91b9f8f30 of 48 bytes failed: Only part of a ReadProcessMemory or WriteProcessMemory request was completed. (0x12B)
[0911/101207.809:ERROR:process_memory_win.cc(73)] ReadMemory at 0x7ff91b9f8f90 of 48 bytes failed: Only part of a ReadProcessMemory or WriteProcessMemory request was completed. (0x12B)
[0911/101207.809:ERROR:process_memory_win.cc(73)] ReadMemory at 0x7ff91b9fa4c0 of 64 bytes failed: Only part of a ReadProcessMemory or WriteProcessMemory request was completed. (0x12B)
[0911/101207.809:ERROR:scoped_process_suspend.cc(40)] NtResumeProcess: An attempt was made to access an exiting process. (0xc000010a)
